CRITICAL - 2024-09-02 01:32:57 --> ErrorException: Undefined variable $db
[Method: POST, Route: api/management/staff/history]
in APPPATH\Controllers\Api\Management\StaffController.php on line 282.
 1 APPPATH\Controllers\Api\Management\StaffController.php(282): CodeIgniter\Debug\Exceptions->errorHandler(2, 'Undefined variable $db', 'C:\\xampp\\htdocs\\management\\app\\Controllers\\Api\\Management\\StaffController.php', 282)
 2 SYSTEMPATH\CodeIgniter.php(933): App\Controllers\Api\Management\StaffController->history()
 3 SYSTEMPATH\CodeIgniter.php(509): CodeIgniter\CodeIgniter->runController(Object(App\Controllers\Api\Management\StaffController))
 4 SYSTEMPATH\CodeIgniter.php(355): CodeIgniter\CodeIgniter->handleRequest(null, Object(Config\Cache), false)
 5 SYSTEMPATH\Boot.php(325): CodeIgniter\CodeIgniter->run()
 6 SYSTEMPATH\Boot.php(67): CodeIgniter\Boot::runCodeIgniter(Object(CodeIgniter\CodeIgniter))
 7 FCPATH\index.php(56): CodeIgniter\Boot::bootWeb(Object(Config\Paths))
 8 SYSTEMPATH\rewrite.php(44): require_once('C:\\xampp\\htdocs\\management\\public\\index.php')
WARNING - 2024-09-02 01:52:24 --> [DEPRECATED] Creation of dynamic property App\Controllers\Api\Management\StaffReportController::$parser is deprecated in APPPATH\Controllers\Api\Management\StaffReportController.php on line 17.
 1 SYSTEMPATH\CodeIgniter.php(903): App\Controllers\Api\Management\StaffReportController->__construct()
 2 SYSTEMPATH\CodeIgniter.php(500): CodeIgniter\CodeIgniter->createController()
 3 SYSTEMPATH\CodeIgniter.php(355): CodeIgniter\CodeIgniter->handleRequest(null, Object(Config\Cache), false)
 4 SYSTEMPATH\Boot.php(325): CodeIgniter\CodeIgniter->run()
 5 SYSTEMPATH\Boot.php(67): CodeIgniter\Boot::runCodeIgniter(Object(CodeIgniter\CodeIgniter))
 6 FCPATH\index.php(56): CodeIgniter\Boot::bootWeb(Object(Config\Paths))
 7 SYSTEMPATH\rewrite.php(44): require_once('C:\\xampp\\htdocs\\management\\public\\index.php')
WARNING - 2024-09-02 02:04:34 --> [DEPRECATED] Creation of dynamic property App\Controllers\Api\Management\StaffReportController::$parser is deprecated in APPPATH\Controllers\Api\Management\StaffReportController.php on line 17.
 1 SYSTEMPATH\CodeIgniter.php(903): App\Controllers\Api\Management\StaffReportController->__construct()
 2 SYSTEMPATH\CodeIgniter.php(500): CodeIgniter\CodeIgniter->createController()
 3 SYSTEMPATH\CodeIgniter.php(355): CodeIgniter\CodeIgniter->handleRequest(null, Object(Config\Cache), false)
 4 SYSTEMPATH\Boot.php(325): CodeIgniter\CodeIgniter->run()
 5 SYSTEMPATH\Boot.php(67): CodeIgniter\Boot::runCodeIgniter(Object(CodeIgniter\CodeIgniter))
 6 FCPATH\index.php(56): CodeIgniter\Boot::bootWeb(Object(Config\Paths))
 7 SYSTEMPATH\rewrite.php(44): require_once('C:\\xampp\\htdocs\\management\\public\\index.php')
CRITICAL - 2024-09-02 02:04:35 --> Error: Class "App\Controllers\Api\Management\ManagementLogin" not found
[Method: POST, Route: api/management/staffReport/currentWeekByName]
in APPPATH\Controllers\Api\Management\StaffReportController.php on line 38.
 1 SYSTEMPATH\CodeIgniter.php(933): App\Controllers\Api\Management\StaffReportController->currentWeekByName()
 2 SYSTEMPATH\CodeIgniter.php(509): CodeIgniter\CodeIgniter->runController(Object(App\Controllers\Api\Management\StaffReportController))
 3 SYSTEMPATH\CodeIgniter.php(355): CodeIgniter\CodeIgniter->handleRequest(null, Object(Config\Cache), false)
 4 SYSTEMPATH\Boot.php(325): CodeIgniter\CodeIgniter->run()
 5 SYSTEMPATH\Boot.php(67): CodeIgniter\Boot::runCodeIgniter(Object(CodeIgniter\CodeIgniter))
 6 FCPATH\index.php(56): CodeIgniter\Boot::bootWeb(Object(Config\Paths))
 7 SYSTEMPATH\rewrite.php(44): require_once('C:\\xampp\\htdocs\\management\\public\\index.php')
WARNING - 2024-09-02 02:05:25 --> [DEPRECATED] Creation of dynamic property App\Controllers\Api\Management\StaffReportController::$parser is deprecated in APPPATH\Controllers\Api\Management\StaffReportController.php on line 17.
 1 SYSTEMPATH\CodeIgniter.php(903): App\Controllers\Api\Management\StaffReportController->__construct()
 2 SYSTEMPATH\CodeIgniter.php(500): CodeIgniter\CodeIgniter->createController()
 3 SYSTEMPATH\CodeIgniter.php(355): CodeIgniter\CodeIgniter->handleRequest(null, Object(Config\Cache), false)
 4 SYSTEMPATH\Boot.php(325): CodeIgniter\CodeIgniter->run()
 5 SYSTEMPATH\Boot.php(67): CodeIgniter\Boot::runCodeIgniter(Object(CodeIgniter\CodeIgniter))
 6 FCPATH\index.php(56): CodeIgniter\Boot::bootWeb(Object(Config\Paths))
 7 SYSTEMPATH\rewrite.php(44): require_once('C:\\xampp\\htdocs\\management\\public\\index.php')
CRITICAL - 2024-09-02 02:05:26 --> ErrorException: Undefined variable $result
[Method: POST, Route: api/management/staffReport/currentWeekByName]
in APPPATH\Controllers\Api\Management\StaffReportController.php on line 44.
 1 APPPATH\Controllers\Api\Management\StaffReportController.php(44): CodeIgniter\Debug\Exceptions->errorHandler(2, 'Undefined variable $result', 'C:\\xampp\\htdocs\\management\\app\\Controllers\\Api\\Management\\StaffReportController.php', 44)
 2 SYSTEMPATH\CodeIgniter.php(933): App\Controllers\Api\Management\StaffReportController->currentWeekByName()
 3 SYSTEMPATH\CodeIgniter.php(509): CodeIgniter\CodeIgniter->runController(Object(App\Controllers\Api\Management\StaffReportController))
 4 SYSTEMPATH\CodeIgniter.php(355): CodeIgniter\CodeIgniter->handleRequest(null, Object(Config\Cache), false)
 5 SYSTEMPATH\Boot.php(325): CodeIgniter\CodeIgniter->run()
 6 SYSTEMPATH\Boot.php(67): CodeIgniter\Boot::runCodeIgniter(Object(CodeIgniter\CodeIgniter))
 7 FCPATH\index.php(56): CodeIgniter\Boot::bootWeb(Object(Config\Paths))
 8 SYSTEMPATH\rewrite.php(44): require_once('C:\\xampp\\htdocs\\management\\public\\index.php')
WARNING - 2024-09-02 02:05:45 --> [DEPRECATED] Creation of dynamic property App\Controllers\Api\Management\StaffReportController::$parser is deprecated in APPPATH\Controllers\Api\Management\StaffReportController.php on line 17.
 1 SYSTEMPATH\CodeIgniter.php(903): App\Controllers\Api\Management\StaffReportController->__construct()
 2 SYSTEMPATH\CodeIgniter.php(500): CodeIgniter\CodeIgniter->createController()
 3 SYSTEMPATH\CodeIgniter.php(355): CodeIgniter\CodeIgniter->handleRequest(null, Object(Config\Cache), false)
 4 SYSTEMPATH\Boot.php(325): CodeIgniter\CodeIgniter->run()
 5 SYSTEMPATH\Boot.php(67): CodeIgniter\Boot::runCodeIgniter(Object(CodeIgniter\CodeIgniter))
 6 FCPATH\index.php(56): CodeIgniter\Boot::bootWeb(Object(Config\Paths))
 7 SYSTEMPATH\rewrite.php(44): require_once('C:\\xampp\\htdocs\\management\\public\\index.php')
WARNING - 2024-09-02 02:07:27 --> [DEPRECATED] Creation of dynamic property App\Controllers\Api\Management\StaffReportController::$parser is deprecated in APPPATH\Controllers\Api\Management\StaffReportController.php on line 17.
 1 SYSTEMPATH\CodeIgniter.php(903): App\Controllers\Api\Management\StaffReportController->__construct()
 2 SYSTEMPATH\CodeIgniter.php(500): CodeIgniter\CodeIgniter->createController()
 3 SYSTEMPATH\CodeIgniter.php(355): CodeIgniter\CodeIgniter->handleRequest(null, Object(Config\Cache), false)
 4 SYSTEMPATH\Boot.php(325): CodeIgniter\CodeIgniter->run()
 5 SYSTEMPATH\Boot.php(67): CodeIgniter\Boot::runCodeIgniter(Object(CodeIgniter\CodeIgniter))
 6 FCPATH\index.php(56): CodeIgniter\Boot::bootWeb(Object(Config\Paths))
 7 SYSTEMPATH\rewrite.php(44): require_once('C:\\xampp\\htdocs\\management\\public\\index.php')
WARNING - 2024-09-02 02:11:00 --> [DEPRECATED] Creation of dynamic property App\Controllers\Api\Management\StaffReportController::$parser is deprecated in APPPATH\Controllers\Api\Management\StaffReportController.php on line 17.
 1 SYSTEMPATH\CodeIgniter.php(903): App\Controllers\Api\Management\StaffReportController->__construct()
 2 SYSTEMPATH\CodeIgniter.php(500): CodeIgniter\CodeIgniter->createController()
 3 SYSTEMPATH\CodeIgniter.php(355): CodeIgniter\CodeIgniter->handleRequest(null, Object(Config\Cache), false)
 4 SYSTEMPATH\Boot.php(325): CodeIgniter\CodeIgniter->run()
 5 SYSTEMPATH\Boot.php(67): CodeIgniter\Boot::runCodeIgniter(Object(CodeIgniter\CodeIgniter))
 6 FCPATH\index.php(56): CodeIgniter\Boot::bootWeb(Object(Config\Paths))
 7 SYSTEMPATH\rewrite.php(44): require_once('C:\\xampp\\htdocs\\management\\public\\index.php')
WARNING - 2024-09-02 02:15:27 --> [DEPRECATED] Creation of dynamic property App\Controllers\Api\Management\StaffReportController::$parser is deprecated in APPPATH\Controllers\Api\Management\StaffReportController.php on line 17.
 1 SYSTEMPATH\CodeIgniter.php(903): App\Controllers\Api\Management\StaffReportController->__construct()
 2 SYSTEMPATH\CodeIgniter.php(500): CodeIgniter\CodeIgniter->createController()
 3 SYSTEMPATH\CodeIgniter.php(355): CodeIgniter\CodeIgniter->handleRequest(null, Object(Config\Cache), false)
 4 SYSTEMPATH\Boot.php(325): CodeIgniter\CodeIgniter->run()
 5 SYSTEMPATH\Boot.php(67): CodeIgniter\Boot::runCodeIgniter(Object(CodeIgniter\CodeIgniter))
 6 FCPATH\index.php(56): CodeIgniter\Boot::bootWeb(Object(Config\Paths))
 7 SYSTEMPATH\rewrite.php(44): require_once('C:\\xampp\\htdocs\\management\\public\\index.php')
ERROR - 2024-09-02 02:15:28 --> mysqli_sql_exception: Unknown column 'name' in 'order clause' in C:\xampp\htdocs\management\vendor\codeigniter4\framework\system\Database\MySQLi\Connection.php:312
Stack trace:
#0 C:\xampp\htdocs\management\vendor\codeigniter4\framework\system\Database\MySQLi\Connection.php(312): mysqli->query('SELECT *\nFROM `...', 0)
#1 C:\xampp\htdocs\management\vendor\codeigniter4\framework\system\Database\BaseConnection.php(734): CodeIgniter\Database\MySQLi\Connection->execute('SELECT *\nFROM `...')
#2 C:\xampp\htdocs\management\vendor\codeigniter4\framework\system\Database\BaseConnection.php(648): CodeIgniter\Database\BaseConnection->simpleQuery('SELECT *\nFROM `...')
#3 C:\xampp\htdocs\management\vendor\codeigniter4\framework\system\Database\BaseBuilder.php(1636): CodeIgniter\Database\BaseConnection->query('SELECT *\nFROM `...', Array, false)
#4 C:\xampp\htdocs\management\app\Controllers\Api\Management\StaffReportController.php(44): CodeIgniter\Database\BaseBuilder->get()
#5 C:\xampp\htdocs\management\vendor\codeigniter4\framework\system\CodeIgniter.php(933): App\Controllers\Api\Management\StaffReportController->currentWeekByName()
#6 C:\xampp\htdocs\management\vendor\codeigniter4\framework\system\CodeIgniter.php(509): CodeIgniter\CodeIgniter->runController(Object(App\Controllers\Api\Management\StaffReportController))
#7 C:\xampp\htdocs\management\vendor\codeigniter4\framework\system\CodeIgniter.php(355): CodeIgniter\CodeIgniter->handleRequest(NULL, Object(Config\Cache), false)
#8 C:\xampp\htdocs\management\vendor\codeigniter4\framework\system\Boot.php(325): CodeIgniter\CodeIgniter->run()
#9 C:\xampp\htdocs\management\vendor\codeigniter4\framework\system\Boot.php(67): CodeIgniter\Boot::runCodeIgniter(Object(CodeIgniter\CodeIgniter))
#10 C:\xampp\htdocs\management\public\index.php(56): CodeIgniter\Boot::bootWeb(Object(Config\Paths))
#11 C:\xampp\htdocs\management\vendor\codeigniter4\framework\system\rewrite.php(44): require_once('C:\\xampp\\htdocs...')
#12 {main}
CRITICAL - 2024-09-02 02:15:28 --> CodeIgniter\Database\Exceptions\DatabaseException: Unknown column 'name' in 'order clause'
[Method: POST, Route: api/management/staffReport/currentWeekByName]
in SYSTEMPATH\Database\BaseConnection.php on line 688.
 1 SYSTEMPATH\Database\BaseBuilder.php(1636): CodeIgniter\Database\BaseConnection->query('SELECT *
FROM `management_login`
WHERE `created_at` >= :created_at:
AND `created_at` <= :created_at.1:
AND `staff_id` IN :staff_id:
ORDER BY `name` ASC', [...], false)
 2 APPPATH\Controllers\Api\Management\StaffReportController.php(44): CodeIgniter\Database\BaseBuilder->get()
 3 SYSTEMPATH\CodeIgniter.php(933): App\Controllers\Api\Management\StaffReportController->currentWeekByName()
 4 SYSTEMPATH\CodeIgniter.php(509): CodeIgniter\CodeIgniter->runController(Object(App\Controllers\Api\Management\StaffReportController))
 5 SYSTEMPATH\CodeIgniter.php(355): CodeIgniter\CodeIgniter->handleRequest(null, Object(Config\Cache), false)
 6 SYSTEMPATH\Boot.php(325): CodeIgniter\CodeIgniter->run()
 7 SYSTEMPATH\Boot.php(67): CodeIgniter\Boot::runCodeIgniter(Object(CodeIgniter\CodeIgniter))
 8 FCPATH\index.php(56): CodeIgniter\Boot::bootWeb(Object(Config\Paths))
 9 SYSTEMPATH\rewrite.php(44): require_once('C:\\xampp\\htdocs\\management\\public\\index.php')
CRITICAL - 2024-09-02 02:15:28 --> [Caused by] CodeIgniter\Database\Exceptions\DatabaseException: Unknown column 'name' in 'order clause'
in SYSTEMPATH\Database\MySQLi\Connection.php on line 317.
 1 SYSTEMPATH\Database\BaseConnection.php(734): CodeIgniter\Database\MySQLi\Connection->execute('SELECT *
FROM `management_login`
WHERE `created_at` >= \'2024-09-02\'
AND `created_at` <= \'2024-09-08\'
AND `staff_id` IN (\'1\',\'2\',\'5\')
ORDER BY `name` ASC')
 2 SYSTEMPATH\Database\BaseConnection.php(648): CodeIgniter\Database\BaseConnection->simpleQuery('SELECT *
FROM `management_login`
WHERE `created_at` >= \'2024-09-02\'
AND `created_at` <= \'2024-09-08\'
AND `staff_id` IN (\'1\',\'2\',\'5\')
ORDER BY `name` ASC')
 3 SYSTEMPATH\Database\BaseBuilder.php(1636): CodeIgniter\Database\BaseConnection->query('SELECT *
FROM `management_login`
WHERE `created_at` >= :created_at:
AND `created_at` <= :created_at.1:
AND `staff_id` IN :staff_id:
ORDER BY `name` ASC', [...], false)
 4 APPPATH\Controllers\Api\Management\StaffReportController.php(44): CodeIgniter\Database\BaseBuilder->get()
 5 SYSTEMPATH\CodeIgniter.php(933): App\Controllers\Api\Management\StaffReportController->currentWeekByName()
 6 SYSTEMPATH\CodeIgniter.php(509): CodeIgniter\CodeIgniter->runController(Object(App\Controllers\Api\Management\StaffReportController))
 7 SYSTEMPATH\CodeIgniter.php(355): CodeIgniter\CodeIgniter->handleRequest(null, Object(Config\Cache), false)
 8 SYSTEMPATH\Boot.php(325): CodeIgniter\CodeIgniter->run()
 9 SYSTEMPATH\Boot.php(67): CodeIgniter\Boot::runCodeIgniter(Object(CodeIgniter\CodeIgniter))
10 FCPATH\index.php(56): CodeIgniter\Boot::bootWeb(Object(Config\Paths))
11 SYSTEMPATH\rewrite.php(44): require_once('C:\\xampp\\htdocs\\management\\public\\index.php')
CRITICAL - 2024-09-02 02:15:28 --> [Caused by] mysqli_sql_exception: Unknown column 'name' in 'order clause'
in SYSTEMPATH\Database\MySQLi\Connection.php on line 312.
 1 SYSTEMPATH\Database\MySQLi\Connection.php(312): mysqli->query('SELECT *
FROM `management_login`
WHERE `created_at` >= \'2024-09-02\'
AND `created_at` <= \'2024-09-08\'
AND `staff_id` IN (\'1\',\'2\',\'5\')
ORDER BY `name` ASC', 0)
 2 SYSTEMPATH\Database\BaseConnection.php(734): CodeIgniter\Database\MySQLi\Connection->execute('SELECT *
FROM `management_login`
WHERE `created_at` >= \'2024-09-02\'
AND `created_at` <= \'2024-09-08\'
AND `staff_id` IN (\'1\',\'2\',\'5\')
ORDER BY `name` ASC')
 3 SYSTEMPATH\Database\BaseConnection.php(648): CodeIgniter\Database\BaseConnection->simpleQuery('SELECT *
FROM `management_login`
WHERE `created_at` >= \'2024-09-02\'
AND `created_at` <= \'2024-09-08\'
AND `staff_id` IN (\'1\',\'2\',\'5\')
ORDER BY `name` ASC')
 4 SYSTEMPATH\Database\BaseBuilder.php(1636): CodeIgniter\Database\BaseConnection->query('SELECT *
FROM `management_login`
WHERE `created_at` >= :created_at:
AND `created_at` <= :created_at.1:
AND `staff_id` IN :staff_id:
ORDER BY `name` ASC', [...], false)
 5 APPPATH\Controllers\Api\Management\StaffReportController.php(44): CodeIgniter\Database\BaseBuilder->get()
 6 SYSTEMPATH\CodeIgniter.php(933): App\Controllers\Api\Management\StaffReportController->currentWeekByName()
 7 SYSTEMPATH\CodeIgniter.php(509): CodeIgniter\CodeIgniter->runController(Object(App\Controllers\Api\Management\StaffReportController))
 8 SYSTEMPATH\CodeIgniter.php(355): CodeIgniter\CodeIgniter->handleRequest(null, Object(Config\Cache), false)
 9 SYSTEMPATH\Boot.php(325): CodeIgniter\CodeIgniter->run()
10 SYSTEMPATH\Boot.php(67): CodeIgniter\Boot::runCodeIgniter(Object(CodeIgniter\CodeIgniter))
11 FCPATH\index.php(56): CodeIgniter\Boot::bootWeb(Object(Config\Paths))
12 SYSTEMPATH\rewrite.php(44): require_once('C:\\xampp\\htdocs\\management\\public\\index.php')
WARNING - 2024-09-02 02:22:04 --> [DEPRECATED] Creation of dynamic property App\Controllers\Api\Management\StaffReportController::$parser is deprecated in APPPATH\Controllers\Api\Management\StaffReportController.php on line 17.
 1 SYSTEMPATH\CodeIgniter.php(903): App\Controllers\Api\Management\StaffReportController->__construct()
 2 SYSTEMPATH\CodeIgniter.php(500): CodeIgniter\CodeIgniter->createController()
 3 SYSTEMPATH\CodeIgniter.php(355): CodeIgniter\CodeIgniter->handleRequest(null, Object(Config\Cache), false)
 4 SYSTEMPATH\Boot.php(325): CodeIgniter\CodeIgniter->run()
 5 SYSTEMPATH\Boot.php(67): CodeIgniter\Boot::runCodeIgniter(Object(CodeIgniter\CodeIgniter))
 6 FCPATH\index.php(56): CodeIgniter\Boot::bootWeb(Object(Config\Paths))
 7 SYSTEMPATH\rewrite.php(44): require_once('C:\\xampp\\htdocs\\management\\public\\index.php')
ERROR - 2024-09-02 02:22:05 --> mysqli_sql_exception: Unknown column 'management_staff.staff_id' in 'on clause' in C:\xampp\htdocs\management\vendor\codeigniter4\framework\system\Database\MySQLi\Connection.php:312
Stack trace:
#0 C:\xampp\htdocs\management\vendor\codeigniter4\framework\system\Database\MySQLi\Connection.php(312): mysqli->query('SELECT *\nFROM `...', 0)
#1 C:\xampp\htdocs\management\vendor\codeigniter4\framework\system\Database\BaseConnection.php(734): CodeIgniter\Database\MySQLi\Connection->execute('SELECT *\nFROM `...')
#2 C:\xampp\htdocs\management\vendor\codeigniter4\framework\system\Database\BaseConnection.php(648): CodeIgniter\Database\BaseConnection->simpleQuery('SELECT *\nFROM `...')
#3 C:\xampp\htdocs\management\vendor\codeigniter4\framework\system\Database\BaseBuilder.php(1636): CodeIgniter\Database\BaseConnection->query('SELECT *\nFROM `...', Array, false)
#4 C:\xampp\htdocs\management\app\Controllers\Api\Management\StaffReportController.php(45): CodeIgniter\Database\BaseBuilder->get()
#5 C:\xampp\htdocs\management\vendor\codeigniter4\framework\system\CodeIgniter.php(933): App\Controllers\Api\Management\StaffReportController->currentWeekByName()
#6 C:\xampp\htdocs\management\vendor\codeigniter4\framework\system\CodeIgniter.php(509): CodeIgniter\CodeIgniter->runController(Object(App\Controllers\Api\Management\StaffReportController))
#7 C:\xampp\htdocs\management\vendor\codeigniter4\framework\system\CodeIgniter.php(355): CodeIgniter\CodeIgniter->handleRequest(NULL, Object(Config\Cache), false)
#8 C:\xampp\htdocs\management\vendor\codeigniter4\framework\system\Boot.php(325): CodeIgniter\CodeIgniter->run()
#9 C:\xampp\htdocs\management\vendor\codeigniter4\framework\system\Boot.php(67): CodeIgniter\Boot::runCodeIgniter(Object(CodeIgniter\CodeIgniter))
#10 C:\xampp\htdocs\management\public\index.php(56): CodeIgniter\Boot::bootWeb(Object(Config\Paths))
#11 C:\xampp\htdocs\management\vendor\codeigniter4\framework\system\rewrite.php(44): require_once('C:\\xampp\\htdocs...')
#12 {main}
CRITICAL - 2024-09-02 02:22:05 --> CodeIgniter\Database\Exceptions\DatabaseException: Unknown column 'management_staff.staff_id' in 'on clause'
[Method: POST, Route: api/management/staffReport/currentWeekByName]
in SYSTEMPATH\Database\BaseConnection.php on line 688.
 1 SYSTEMPATH\Database\BaseBuilder.php(1636): CodeIgniter\Database\BaseConnection->query('SELECT *
FROM `management_login`
INNER JOIN `management_staff` ON `management_login`.`staff_id` = `management_staff`.`staff_id`
WHERE `management_login`.`created_at` >= :management_login.created_at:
AND `management_login`.`created_at` <= :management_login.created_at.1:
AND `management_login`.`staff_id` IN :management_login.staff_id:
ORDER BY `management_staff`.`name` ASC', [...], false)
 2 APPPATH\Controllers\Api\Management\StaffReportController.php(45): CodeIgniter\Database\BaseBuilder->get()
 3 SYSTEMPATH\CodeIgniter.php(933): App\Controllers\Api\Management\StaffReportController->currentWeekByName()
 4 SYSTEMPATH\CodeIgniter.php(509): CodeIgniter\CodeIgniter->runController(Object(App\Controllers\Api\Management\StaffReportController))
 5 SYSTEMPATH\CodeIgniter.php(355): CodeIgniter\CodeIgniter->handleRequest(null, Object(Config\Cache), false)
 6 SYSTEMPATH\Boot.php(325): CodeIgniter\CodeIgniter->run()
 7 SYSTEMPATH\Boot.php(67): CodeIgniter\Boot::runCodeIgniter(Object(CodeIgniter\CodeIgniter))
 8 FCPATH\index.php(56): CodeIgniter\Boot::bootWeb(Object(Config\Paths))
 9 SYSTEMPATH\rewrite.php(44): require_once('C:\\xampp\\htdocs\\management\\public\\index.php')
CRITICAL - 2024-09-02 02:22:05 --> [Caused by] CodeIgniter\Database\Exceptions\DatabaseException: Unknown column 'management_staff.staff_id' in 'on clause'
in SYSTEMPATH\Database\MySQLi\Connection.php on line 317.
 1 SYSTEMPATH\Database\BaseConnection.php(734): CodeIgniter\Database\MySQLi\Connection->execute('SELECT *
FROM `management_login`
INNER JOIN `management_staff` ON `management_login`.`staff_id` = `management_staff`.`staff_id`
WHERE `management_login`.`created_at` >= \'2024-09-02\'
AND `management_login`.`created_at` <= \'2024-09-08\'
AND `management_login`.`staff_id` IN (\'1\',\'2\',\'5\')
ORDER BY `management_staff`.`name` ASC')
 2 SYSTEMPATH\Database\BaseConnection.php(648): CodeIgniter\Database\BaseConnection->simpleQuery('SELECT *
FROM `management_login`
INNER JOIN `management_staff` ON `management_login`.`staff_id` = `management_staff`.`staff_id`
WHERE `management_login`.`created_at` >= \'2024-09-02\'
AND `management_login`.`created_at` <= \'2024-09-08\'
AND `management_login`.`staff_id` IN (\'1\',\'2\',\'5\')
ORDER BY `management_staff`.`name` ASC')
 3 SYSTEMPATH\Database\BaseBuilder.php(1636): CodeIgniter\Database\BaseConnection->query('SELECT *
FROM `management_login`
INNER JOIN `management_staff` ON `management_login`.`staff_id` = `management_staff`.`staff_id`
WHERE `management_login`.`created_at` >= :management_login.created_at:
AND `management_login`.`created_at` <= :management_login.created_at.1:
AND `management_login`.`staff_id` IN :management_login.staff_id:
ORDER BY `management_staff`.`name` ASC', [...], false)
 4 APPPATH\Controllers\Api\Management\StaffReportController.php(45): CodeIgniter\Database\BaseBuilder->get()
 5 SYSTEMPATH\CodeIgniter.php(933): App\Controllers\Api\Management\StaffReportController->currentWeekByName()
 6 SYSTEMPATH\CodeIgniter.php(509): CodeIgniter\CodeIgniter->runController(Object(App\Controllers\Api\Management\StaffReportController))
 7 SYSTEMPATH\CodeIgniter.php(355): CodeIgniter\CodeIgniter->handleRequest(null, Object(Config\Cache), false)
 8 SYSTEMPATH\Boot.php(325): CodeIgniter\CodeIgniter->run()
 9 SYSTEMPATH\Boot.php(67): CodeIgniter\Boot::runCodeIgniter(Object(CodeIgniter\CodeIgniter))
10 FCPATH\index.php(56): CodeIgniter\Boot::bootWeb(Object(Config\Paths))
11 SYSTEMPATH\rewrite.php(44): require_once('C:\\xampp\\htdocs\\management\\public\\index.php')
CRITICAL - 2024-09-02 02:22:05 --> [Caused by] mysqli_sql_exception: Unknown column 'management_staff.staff_id' in 'on clause'
in SYSTEMPATH\Database\MySQLi\Connection.php on line 312.
 1 SYSTEMPATH\Database\MySQLi\Connection.php(312): mysqli->query('SELECT *
FROM `management_login`
INNER JOIN `management_staff` ON `management_login`.`staff_id` = `management_staff`.`staff_id`
WHERE `management_login`.`created_at` >= \'2024-09-02\'
AND `management_login`.`created_at` <= \'2024-09-08\'
AND `management_login`.`staff_id` IN (\'1\',\'2\',\'5\')
ORDER BY `management_staff`.`name` ASC', 0)
 2 SYSTEMPATH\Database\BaseConnection.php(734): CodeIgniter\Database\MySQLi\Connection->execute('SELECT *
FROM `management_login`
INNER JOIN `management_staff` ON `management_login`.`staff_id` = `management_staff`.`staff_id`
WHERE `management_login`.`created_at` >= \'2024-09-02\'
AND `management_login`.`created_at` <= \'2024-09-08\'
AND `management_login`.`staff_id` IN (\'1\',\'2\',\'5\')
ORDER BY `management_staff`.`name` ASC')
 3 SYSTEMPATH\Database\BaseConnection.php(648): CodeIgniter\Database\BaseConnection->simpleQuery('SELECT *
FROM `management_login`
INNER JOIN `management_staff` ON `management_login`.`staff_id` = `management_staff`.`staff_id`
WHERE `management_login`.`created_at` >= \'2024-09-02\'
AND `management_login`.`created_at` <= \'2024-09-08\'
AND `management_login`.`staff_id` IN (\'1\',\'2\',\'5\')
ORDER BY `management_staff`.`name` ASC')
 4 SYSTEMPATH\Database\BaseBuilder.php(1636): CodeIgniter\Database\BaseConnection->query('SELECT *
FROM `management_login`
INNER JOIN `management_staff` ON `management_login`.`staff_id` = `management_staff`.`staff_id`
WHERE `management_login`.`created_at` >= :management_login.created_at:
AND `management_login`.`created_at` <= :management_login.created_at.1:
AND `management_login`.`staff_id` IN :management_login.staff_id:
ORDER BY `management_staff`.`name` ASC', [...], false)
 5 APPPATH\Controllers\Api\Management\StaffReportController.php(45): CodeIgniter\Database\BaseBuilder->get()
 6 SYSTEMPATH\CodeIgniter.php(933): App\Controllers\Api\Management\StaffReportController->currentWeekByName()
 7 SYSTEMPATH\CodeIgniter.php(509): CodeIgniter\CodeIgniter->runController(Object(App\Controllers\Api\Management\StaffReportController))
 8 SYSTEMPATH\CodeIgniter.php(355): CodeIgniter\CodeIgniter->handleRequest(null, Object(Config\Cache), false)
 9 SYSTEMPATH\Boot.php(325): CodeIgniter\CodeIgniter->run()
10 SYSTEMPATH\Boot.php(67): CodeIgniter\Boot::runCodeIgniter(Object(CodeIgniter\CodeIgniter))
11 FCPATH\index.php(56): CodeIgniter\Boot::bootWeb(Object(Config\Paths))
12 SYSTEMPATH\rewrite.php(44): require_once('C:\\xampp\\htdocs\\management\\public\\index.php')
WARNING - 2024-09-02 02:22:17 --> [DEPRECATED] Creation of dynamic property App\Controllers\Api\Management\StaffReportController::$parser is deprecated in APPPATH\Controllers\Api\Management\StaffReportController.php on line 17.
 1 SYSTEMPATH\CodeIgniter.php(903): App\Controllers\Api\Management\StaffReportController->__construct()
 2 SYSTEMPATH\CodeIgniter.php(500): CodeIgniter\CodeIgniter->createController()
 3 SYSTEMPATH\CodeIgniter.php(355): CodeIgniter\CodeIgniter->handleRequest(null, Object(Config\Cache), false)
 4 SYSTEMPATH\Boot.php(325): CodeIgniter\CodeIgniter->run()
 5 SYSTEMPATH\Boot.php(67): CodeIgniter\Boot::runCodeIgniter(Object(CodeIgniter\CodeIgniter))
 6 FCPATH\index.php(56): CodeIgniter\Boot::bootWeb(Object(Config\Paths))
 7 SYSTEMPATH\rewrite.php(44): require_once('C:\\xampp\\htdocs\\management\\public\\index.php')
WARNING - 2024-09-02 02:23:24 --> [DEPRECATED] Creation of dynamic property App\Controllers\Api\Management\StaffReportController::$parser is deprecated in APPPATH\Controllers\Api\Management\StaffReportController.php on line 17.
 1 SYSTEMPATH\CodeIgniter.php(903): App\Controllers\Api\Management\StaffReportController->__construct()
 2 SYSTEMPATH\CodeIgniter.php(500): CodeIgniter\CodeIgniter->createController()
 3 SYSTEMPATH\CodeIgniter.php(355): CodeIgniter\CodeIgniter->handleRequest(null, Object(Config\Cache), false)
 4 SYSTEMPATH\Boot.php(325): CodeIgniter\CodeIgniter->run()
 5 SYSTEMPATH\Boot.php(67): CodeIgniter\Boot::runCodeIgniter(Object(CodeIgniter\CodeIgniter))
 6 FCPATH\index.php(56): CodeIgniter\Boot::bootWeb(Object(Config\Paths))
 7 SYSTEMPATH\rewrite.php(44): require_once('C:\\xampp\\htdocs\\management\\public\\index.php')
WARNING - 2024-09-02 02:25:24 --> [DEPRECATED] Creation of dynamic property App\Controllers\Api\Management\StaffReportController::$parser is deprecated in APPPATH\Controllers\Api\Management\StaffReportController.php on line 17.
 1 SYSTEMPATH\CodeIgniter.php(903): App\Controllers\Api\Management\StaffReportController->__construct()
 2 SYSTEMPATH\CodeIgniter.php(500): CodeIgniter\CodeIgniter->createController()
 3 SYSTEMPATH\CodeIgniter.php(355): CodeIgniter\CodeIgniter->handleRequest(null, Object(Config\Cache), false)
 4 SYSTEMPATH\Boot.php(325): CodeIgniter\CodeIgniter->run()
 5 SYSTEMPATH\Boot.php(67): CodeIgniter\Boot::runCodeIgniter(Object(CodeIgniter\CodeIgniter))
 6 FCPATH\index.php(56): CodeIgniter\Boot::bootWeb(Object(Config\Paths))
 7 SYSTEMPATH\rewrite.php(44): require_once('C:\\xampp\\htdocs\\management\\public\\index.php')
WARNING - 2024-09-02 02:29:57 --> [DEPRECATED] Creation of dynamic property App\Controllers\Api\Management\StaffReportController::$parser is deprecated in APPPATH\Controllers\Api\Management\StaffReportController.php on line 17.
 1 SYSTEMPATH\CodeIgniter.php(903): App\Controllers\Api\Management\StaffReportController->__construct()
 2 SYSTEMPATH\CodeIgniter.php(500): CodeIgniter\CodeIgniter->createController()
 3 SYSTEMPATH\CodeIgniter.php(355): CodeIgniter\CodeIgniter->handleRequest(null, Object(Config\Cache), false)
 4 SYSTEMPATH\Boot.php(325): CodeIgniter\CodeIgniter->run()
 5 SYSTEMPATH\Boot.php(67): CodeIgniter\Boot::runCodeIgniter(Object(CodeIgniter\CodeIgniter))
 6 FCPATH\index.php(56): CodeIgniter\Boot::bootWeb(Object(Config\Paths))
 7 SYSTEMPATH\rewrite.php(44): require_once('C:\\xampp\\htdocs\\management\\public\\index.php')
WARNING - 2024-09-02 02:46:50 --> [DEPRECATED] Creation of dynamic property App\Controllers\Api\Management\StaffReportController::$parser is deprecated in APPPATH\Controllers\Api\Management\StaffReportController.php on line 17.
 1 SYSTEMPATH\CodeIgniter.php(903): App\Controllers\Api\Management\StaffReportController->__construct()
 2 SYSTEMPATH\CodeIgniter.php(500): CodeIgniter\CodeIgniter->createController()
 3 SYSTEMPATH\CodeIgniter.php(355): CodeIgniter\CodeIgniter->handleRequest(null, Object(Config\Cache), false)
 4 SYSTEMPATH\Boot.php(325): CodeIgniter\CodeIgniter->run()
 5 SYSTEMPATH\Boot.php(67): CodeIgniter\Boot::runCodeIgniter(Object(CodeIgniter\CodeIgniter))
 6 FCPATH\index.php(56): CodeIgniter\Boot::bootWeb(Object(Config\Paths))
 7 SYSTEMPATH\rewrite.php(44): require_once('C:\\xampp\\htdocs\\management\\public\\index.php')
WARNING - 2024-09-02 02:46:55 --> [DEPRECATED] Creation of dynamic property App\Controllers\Api\Management\StaffReportController::$parser is deprecated in APPPATH\Controllers\Api\Management\StaffReportController.php on line 17.
 1 SYSTEMPATH\CodeIgniter.php(903): App\Controllers\Api\Management\StaffReportController->__construct()
 2 SYSTEMPATH\CodeIgniter.php(500): CodeIgniter\CodeIgniter->createController()
 3 SYSTEMPATH\CodeIgniter.php(355): CodeIgniter\CodeIgniter->handleRequest(null, Object(Config\Cache), false)
 4 SYSTEMPATH\Boot.php(325): CodeIgniter\CodeIgniter->run()
 5 SYSTEMPATH\Boot.php(67): CodeIgniter\Boot::runCodeIgniter(Object(CodeIgniter\CodeIgniter))
 6 FCPATH\index.php(56): CodeIgniter\Boot::bootWeb(Object(Config\Paths))
 7 SYSTEMPATH\rewrite.php(44): require_once('C:\\xampp\\htdocs\\management\\public\\index.php')
WARNING - 2024-09-02 03:10:42 --> [DEPRECATED] Creation of dynamic property App\Controllers\Api\Management\StaffReportController::$parser is deprecated in APPPATH\Controllers\Api\Management\StaffReportController.php on line 17.
 1 SYSTEMPATH\CodeIgniter.php(903): App\Controllers\Api\Management\StaffReportController->__construct()
 2 SYSTEMPATH\CodeIgniter.php(500): CodeIgniter\CodeIgniter->createController()
 3 SYSTEMPATH\CodeIgniter.php(355): CodeIgniter\CodeIgniter->handleRequest(null, Object(Config\Cache), false)
 4 SYSTEMPATH\Boot.php(325): CodeIgniter\CodeIgniter->run()
 5 SYSTEMPATH\Boot.php(67): CodeIgniter\Boot::runCodeIgniter(Object(CodeIgniter\CodeIgniter))
 6 FCPATH\index.php(56): CodeIgniter\Boot::bootWeb(Object(Config\Paths))
 7 SYSTEMPATH\rewrite.php(44): require_once('C:\\xampp\\htdocs\\management\\public\\index.php')
WARNING - 2024-09-02 03:19:12 --> [DEPRECATED] Creation of dynamic property App\Controllers\Api\Management\StaffReportController::$parser is deprecated in APPPATH\Controllers\Api\Management\StaffReportController.php on line 17.
 1 SYSTEMPATH\CodeIgniter.php(903): App\Controllers\Api\Management\StaffReportController->__construct()
 2 SYSTEMPATH\CodeIgniter.php(500): CodeIgniter\CodeIgniter->createController()
 3 SYSTEMPATH\CodeIgniter.php(355): CodeIgniter\CodeIgniter->handleRequest(null, Object(Config\Cache), false)
 4 SYSTEMPATH\Boot.php(325): CodeIgniter\CodeIgniter->run()
 5 SYSTEMPATH\Boot.php(67): CodeIgniter\Boot::runCodeIgniter(Object(CodeIgniter\CodeIgniter))
 6 FCPATH\index.php(56): CodeIgniter\Boot::bootWeb(Object(Config\Paths))
 7 SYSTEMPATH\rewrite.php(44): require_once('C:\\xampp\\htdocs\\management\\public\\index.php')
WARNING - 2024-09-02 03:26:24 --> [DEPRECATED] Creation of dynamic property App\Controllers\Api\Management\StaffReportController::$parser is deprecated in APPPATH\Controllers\Api\Management\StaffReportController.php on line 17.
 1 SYSTEMPATH\CodeIgniter.php(903): App\Controllers\Api\Management\StaffReportController->__construct()
 2 SYSTEMPATH\CodeIgniter.php(500): CodeIgniter\CodeIgniter->createController()
 3 SYSTEMPATH\CodeIgniter.php(355): CodeIgniter\CodeIgniter->handleRequest(null, Object(Config\Cache), false)
 4 SYSTEMPATH\Boot.php(325): CodeIgniter\CodeIgniter->run()
 5 SYSTEMPATH\Boot.php(67): CodeIgniter\Boot::runCodeIgniter(Object(CodeIgniter\CodeIgniter))
 6 FCPATH\index.php(56): CodeIgniter\Boot::bootWeb(Object(Config\Paths))
 7 SYSTEMPATH\rewrite.php(44): require_once('C:\\xampp\\htdocs\\management\\public\\index.php')
WARNING - 2024-09-02 03:26:30 --> [DEPRECATED] Creation of dynamic property App\Controllers\Api\Management\StaffReportController::$parser is deprecated in APPPATH\Controllers\Api\Management\StaffReportController.php on line 17.
 1 SYSTEMPATH\CodeIgniter.php(903): App\Controllers\Api\Management\StaffReportController->__construct()
 2 SYSTEMPATH\CodeIgniter.php(500): CodeIgniter\CodeIgniter->createController()
 3 SYSTEMPATH\CodeIgniter.php(355): CodeIgniter\CodeIgniter->handleRequest(null, Object(Config\Cache), false)
 4 SYSTEMPATH\Boot.php(325): CodeIgniter\CodeIgniter->run()
 5 SYSTEMPATH\Boot.php(67): CodeIgniter\Boot::runCodeIgniter(Object(CodeIgniter\CodeIgniter))
 6 FCPATH\index.php(56): CodeIgniter\Boot::bootWeb(Object(Config\Paths))
 7 SYSTEMPATH\rewrite.php(44): require_once('C:\\xampp\\htdocs\\management\\public\\index.php')
WARNING - 2024-09-02 03:26:32 --> [DEPRECATED] Creation of dynamic property App\Controllers\Api\Management\StaffReportController::$parser is deprecated in APPPATH\Controllers\Api\Management\StaffReportController.php on line 17.
 1 SYSTEMPATH\CodeIgniter.php(903): App\Controllers\Api\Management\StaffReportController->__construct()
 2 SYSTEMPATH\CodeIgniter.php(500): CodeIgniter\CodeIgniter->createController()
 3 SYSTEMPATH\CodeIgniter.php(355): CodeIgniter\CodeIgniter->handleRequest(null, Object(Config\Cache), false)
 4 SYSTEMPATH\Boot.php(325): CodeIgniter\CodeIgniter->run()
 5 SYSTEMPATH\Boot.php(67): CodeIgniter\Boot::runCodeIgniter(Object(CodeIgniter\CodeIgniter))
 6 FCPATH\index.php(56): CodeIgniter\Boot::bootWeb(Object(Config\Paths))
 7 SYSTEMPATH\rewrite.php(44): require_once('C:\\xampp\\htdocs\\management\\public\\index.php')
WARNING - 2024-09-02 03:28:30 --> [DEPRECATED] Creation of dynamic property App\Controllers\Api\Management\StaffReportController::$parser is deprecated in APPPATH\Controllers\Api\Management\StaffReportController.php on line 17.
 1 SYSTEMPATH\CodeIgniter.php(903): App\Controllers\Api\Management\StaffReportController->__construct()
 2 SYSTEMPATH\CodeIgniter.php(500): CodeIgniter\CodeIgniter->createController()
 3 SYSTEMPATH\CodeIgniter.php(355): CodeIgniter\CodeIgniter->handleRequest(null, Object(Config\Cache), false)
 4 SYSTEMPATH\Boot.php(325): CodeIgniter\CodeIgniter->run()
 5 SYSTEMPATH\Boot.php(67): CodeIgniter\Boot::runCodeIgniter(Object(CodeIgniter\CodeIgniter))
 6 FCPATH\index.php(56): CodeIgniter\Boot::bootWeb(Object(Config\Paths))
 7 SYSTEMPATH\rewrite.php(44): require_once('C:\\xampp\\htdocs\\management\\public\\index.php')
WARNING - 2024-09-02 03:30:27 --> [DEPRECATED] Creation of dynamic property App\Controllers\Api\Management\StaffReportController::$parser is deprecated in APPPATH\Controllers\Api\Management\StaffReportController.php on line 17.
 1 SYSTEMPATH\CodeIgniter.php(903): App\Controllers\Api\Management\StaffReportController->__construct()
 2 SYSTEMPATH\CodeIgniter.php(500): CodeIgniter\CodeIgniter->createController()
 3 SYSTEMPATH\CodeIgniter.php(355): CodeIgniter\CodeIgniter->handleRequest(null, Object(Config\Cache), false)
 4 SYSTEMPATH\Boot.php(325): CodeIgniter\CodeIgniter->run()
 5 SYSTEMPATH\Boot.php(67): CodeIgniter\Boot::runCodeIgniter(Object(CodeIgniter\CodeIgniter))
 6 FCPATH\index.php(56): CodeIgniter\Boot::bootWeb(Object(Config\Paths))
 7 SYSTEMPATH\rewrite.php(44): require_once('C:\\xampp\\htdocs\\management\\public\\index.php')
WARNING - 2024-09-02 03:38:41 --> [DEPRECATED] Creation of dynamic property App\Controllers\Api\Management\StaffReportController::$parser is deprecated in APPPATH\Controllers\Api\Management\StaffReportController.php on line 17.
 1 SYSTEMPATH\CodeIgniter.php(903): App\Controllers\Api\Management\StaffReportController->__construct()
 2 SYSTEMPATH\CodeIgniter.php(500): CodeIgniter\CodeIgniter->createController()
 3 SYSTEMPATH\CodeIgniter.php(355): CodeIgniter\CodeIgniter->handleRequest(null, Object(Config\Cache), false)
 4 SYSTEMPATH\Boot.php(325): CodeIgniter\CodeIgniter->run()
 5 SYSTEMPATH\Boot.php(67): CodeIgniter\Boot::runCodeIgniter(Object(CodeIgniter\CodeIgniter))
 6 FCPATH\index.php(56): CodeIgniter\Boot::bootWeb(Object(Config\Paths))
 7 SYSTEMPATH\rewrite.php(44): require_once('C:\\xampp\\htdocs\\management\\public\\index.php')
WARNING - 2024-09-02 03:42:32 --> [DEPRECATED] Creation of dynamic property App\Controllers\Api\Management\StaffReportController::$parser is deprecated in APPPATH\Controllers\Api\Management\StaffReportController.php on line 17.
 1 SYSTEMPATH\CodeIgniter.php(903): App\Controllers\Api\Management\StaffReportController->__construct()
 2 SYSTEMPATH\CodeIgniter.php(500): CodeIgniter\CodeIgniter->createController()
 3 SYSTEMPATH\CodeIgniter.php(355): CodeIgniter\CodeIgniter->handleRequest(null, Object(Config\Cache), false)
 4 SYSTEMPATH\Boot.php(325): CodeIgniter\CodeIgniter->run()
 5 SYSTEMPATH\Boot.php(67): CodeIgniter\Boot::runCodeIgniter(Object(CodeIgniter\CodeIgniter))
 6 FCPATH\index.php(56): CodeIgniter\Boot::bootWeb(Object(Config\Paths))
 7 SYSTEMPATH\rewrite.php(44): require_once('C:\\xampp\\htdocs\\management\\public\\index.php')
WARNING - 2024-09-02 03:50:32 --> [DEPRECATED] Creation of dynamic property App\Controllers\Api\Management\StaffReportController::$parser is deprecated in APPPATH\Controllers\Api\Management\StaffReportController.php on line 17.
 1 SYSTEMPATH\CodeIgniter.php(903): App\Controllers\Api\Management\StaffReportController->__construct()
 2 SYSTEMPATH\CodeIgniter.php(500): CodeIgniter\CodeIgniter->createController()
 3 SYSTEMPATH\CodeIgniter.php(355): CodeIgniter\CodeIgniter->handleRequest(null, Object(Config\Cache), false)
 4 SYSTEMPATH\Boot.php(325): CodeIgniter\CodeIgniter->run()
 5 SYSTEMPATH\Boot.php(67): CodeIgniter\Boot::runCodeIgniter(Object(CodeIgniter\CodeIgniter))
 6 FCPATH\index.php(56): CodeIgniter\Boot::bootWeb(Object(Config\Paths))
 7 SYSTEMPATH\rewrite.php(44): require_once('C:\\xampp\\htdocs\\management\\public\\index.php')
WARNING - 2024-09-02 03:50:40 --> [DEPRECATED] Creation of dynamic property App\Controllers\Api\Management\StaffReportController::$parser is deprecated in APPPATH\Controllers\Api\Management\StaffReportController.php on line 17.
 1 SYSTEMPATH\CodeIgniter.php(903): App\Controllers\Api\Management\StaffReportController->__construct()
 2 SYSTEMPATH\CodeIgniter.php(500): CodeIgniter\CodeIgniter->createController()
 3 SYSTEMPATH\CodeIgniter.php(355): CodeIgniter\CodeIgniter->handleRequest(null, Object(Config\Cache), false)
 4 SYSTEMPATH\Boot.php(325): CodeIgniter\CodeIgniter->run()
 5 SYSTEMPATH\Boot.php(67): CodeIgniter\Boot::runCodeIgniter(Object(CodeIgniter\CodeIgniter))
 6 FCPATH\index.php(56): CodeIgniter\Boot::bootWeb(Object(Config\Paths))
 7 SYSTEMPATH\rewrite.php(44): require_once('C:\\xampp\\htdocs\\management\\public\\index.php')
WARNING - 2024-09-02 03:50:53 --> [DEPRECATED] Creation of dynamic property App\Controllers\Api\Management\StaffReportController::$parser is deprecated in APPPATH\Controllers\Api\Management\StaffReportController.php on line 17.
 1 SYSTEMPATH\CodeIgniter.php(903): App\Controllers\Api\Management\StaffReportController->__construct()
 2 SYSTEMPATH\CodeIgniter.php(500): CodeIgniter\CodeIgniter->createController()
 3 SYSTEMPATH\CodeIgniter.php(355): CodeIgniter\CodeIgniter->handleRequest(null, Object(Config\Cache), false)
 4 SYSTEMPATH\Boot.php(325): CodeIgniter\CodeIgniter->run()
 5 SYSTEMPATH\Boot.php(67): CodeIgniter\Boot::runCodeIgniter(Object(CodeIgniter\CodeIgniter))
 6 FCPATH\index.php(56): CodeIgniter\Boot::bootWeb(Object(Config\Paths))
 7 SYSTEMPATH\rewrite.php(44): require_once('C:\\xampp\\htdocs\\management\\public\\index.php')
WARNING - 2024-09-02 03:51:53 --> [DEPRECATED] Creation of dynamic property App\Controllers\Api\Management\StaffReportController::$parser is deprecated in APPPATH\Controllers\Api\Management\StaffReportController.php on line 17.
 1 SYSTEMPATH\CodeIgniter.php(903): App\Controllers\Api\Management\StaffReportController->__construct()
 2 SYSTEMPATH\CodeIgniter.php(500): CodeIgniter\CodeIgniter->createController()
 3 SYSTEMPATH\CodeIgniter.php(355): CodeIgniter\CodeIgniter->handleRequest(null, Object(Config\Cache), false)
 4 SYSTEMPATH\Boot.php(325): CodeIgniter\CodeIgniter->run()
 5 SYSTEMPATH\Boot.php(67): CodeIgniter\Boot::runCodeIgniter(Object(CodeIgniter\CodeIgniter))
 6 FCPATH\index.php(56): CodeIgniter\Boot::bootWeb(Object(Config\Paths))
 7 SYSTEMPATH\rewrite.php(44): require_once('C:\\xampp\\htdocs\\management\\public\\index.php')
WARNING - 2024-09-02 03:52:03 --> [DEPRECATED] Creation of dynamic property App\Controllers\Api\Management\StaffReportController::$parser is deprecated in APPPATH\Controllers\Api\Management\StaffReportController.php on line 17.
 1 SYSTEMPATH\CodeIgniter.php(903): App\Controllers\Api\Management\StaffReportController->__construct()
 2 SYSTEMPATH\CodeIgniter.php(500): CodeIgniter\CodeIgniter->createController()
 3 SYSTEMPATH\CodeIgniter.php(355): CodeIgniter\CodeIgniter->handleRequest(null, Object(Config\Cache), false)
 4 SYSTEMPATH\Boot.php(325): CodeIgniter\CodeIgniter->run()
 5 SYSTEMPATH\Boot.php(67): CodeIgniter\Boot::runCodeIgniter(Object(CodeIgniter\CodeIgniter))
 6 FCPATH\index.php(56): CodeIgniter\Boot::bootWeb(Object(Config\Paths))
 7 SYSTEMPATH\rewrite.php(44): require_once('C:\\xampp\\htdocs\\management\\public\\index.php')
WARNING - 2024-09-02 03:52:57 --> [DEPRECATED] Creation of dynamic property App\Controllers\Api\Management\StaffReportController::$parser is deprecated in APPPATH\Controllers\Api\Management\StaffReportController.php on line 17.
 1 SYSTEMPATH\CodeIgniter.php(903): App\Controllers\Api\Management\StaffReportController->__construct()
 2 SYSTEMPATH\CodeIgniter.php(500): CodeIgniter\CodeIgniter->createController()
 3 SYSTEMPATH\CodeIgniter.php(355): CodeIgniter\CodeIgniter->handleRequest(null, Object(Config\Cache), false)
 4 SYSTEMPATH\Boot.php(325): CodeIgniter\CodeIgniter->run()
 5 SYSTEMPATH\Boot.php(67): CodeIgniter\Boot::runCodeIgniter(Object(CodeIgniter\CodeIgniter))
 6 FCPATH\index.php(56): CodeIgniter\Boot::bootWeb(Object(Config\Paths))
 7 SYSTEMPATH\rewrite.php(44): require_once('C:\\xampp\\htdocs\\management\\public\\index.php')
WARNING - 2024-09-02 04:10:50 --> [DEPRECATED] Creation of dynamic property App\Controllers\Api\Management\StaffReportController::$parser is deprecated in APPPATH\Controllers\Api\Management\StaffReportController.php on line 17.
 1 SYSTEMPATH\CodeIgniter.php(903): App\Controllers\Api\Management\StaffReportController->__construct()
 2 SYSTEMPATH\CodeIgniter.php(500): CodeIgniter\CodeIgniter->createController()
 3 SYSTEMPATH\CodeIgniter.php(355): CodeIgniter\CodeIgniter->handleRequest(null, Object(Config\Cache), false)
 4 SYSTEMPATH\Boot.php(325): CodeIgniter\CodeIgniter->run()
 5 SYSTEMPATH\Boot.php(67): CodeIgniter\Boot::runCodeIgniter(Object(CodeIgniter\CodeIgniter))
 6 FCPATH\index.php(56): CodeIgniter\Boot::bootWeb(Object(Config\Paths))
 7 SYSTEMPATH\rewrite.php(44): require_once('C:\\xampp\\htdocs\\management\\public\\index.php')
WARNING - 2024-09-02 04:11:02 --> [DEPRECATED] Creation of dynamic property App\Controllers\Api\Management\StaffReportController::$parser is deprecated in APPPATH\Controllers\Api\Management\StaffReportController.php on line 17.
 1 SYSTEMPATH\CodeIgniter.php(903): App\Controllers\Api\Management\StaffReportController->__construct()
 2 SYSTEMPATH\CodeIgniter.php(500): CodeIgniter\CodeIgniter->createController()
 3 SYSTEMPATH\CodeIgniter.php(355): CodeIgniter\CodeIgniter->handleRequest(null, Object(Config\Cache), false)
 4 SYSTEMPATH\Boot.php(325): CodeIgniter\CodeIgniter->run()
 5 SYSTEMPATH\Boot.php(67): CodeIgniter\Boot::runCodeIgniter(Object(CodeIgniter\CodeIgniter))
 6 FCPATH\index.php(56): CodeIgniter\Boot::bootWeb(Object(Config\Paths))
 7 SYSTEMPATH\rewrite.php(44): require_once('C:\\xampp\\htdocs\\management\\public\\index.php')
WARNING - 2024-09-02 04:35:57 --> [DEPRECATED] Creation of dynamic property App\Controllers\Api\Management\StaffReportController::$parser is deprecated in APPPATH\Controllers\Api\Management\StaffReportController.php on line 17.
 1 SYSTEMPATH\CodeIgniter.php(903): App\Controllers\Api\Management\StaffReportController->__construct()
 2 SYSTEMPATH\CodeIgniter.php(500): CodeIgniter\CodeIgniter->createController()
 3 SYSTEMPATH\CodeIgniter.php(355): CodeIgniter\CodeIgniter->handleRequest(null, Object(Config\Cache), false)
 4 SYSTEMPATH\Boot.php(325): CodeIgniter\CodeIgniter->run()
 5 SYSTEMPATH\Boot.php(67): CodeIgniter\Boot::runCodeIgniter(Object(CodeIgniter\CodeIgniter))
 6 FCPATH\index.php(56): CodeIgniter\Boot::bootWeb(Object(Config\Paths))
 7 SYSTEMPATH\rewrite.php(44): require_once('C:\\xampp\\htdocs\\management\\public\\index.php')
WARNING - 2024-09-02 04:38:18 --> [DEPRECATED] Creation of dynamic property App\Controllers\Api\Management\StaffReportController::$parser is deprecated in APPPATH\Controllers\Api\Management\StaffReportController.php on line 17.
 1 SYSTEMPATH\CodeIgniter.php(903): App\Controllers\Api\Management\StaffReportController->__construct()
 2 SYSTEMPATH\CodeIgniter.php(500): CodeIgniter\CodeIgniter->createController()
 3 SYSTEMPATH\CodeIgniter.php(355): CodeIgniter\CodeIgniter->handleRequest(null, Object(Config\Cache), false)
 4 SYSTEMPATH\Boot.php(325): CodeIgniter\CodeIgniter->run()
 5 SYSTEMPATH\Boot.php(67): CodeIgniter\Boot::runCodeIgniter(Object(CodeIgniter\CodeIgniter))
 6 FCPATH\index.php(56): CodeIgniter\Boot::bootWeb(Object(Config\Paths))
 7 SYSTEMPATH\rewrite.php(44): require_once('C:\\xampp\\htdocs\\management\\public\\index.php')
