WARNING - 2024-07-25 04:15:17 --> [DEPRECATED] Creation of dynamic property App\Controllers\Api\Management\ReportController::$parser is deprecated in APPPATH\Controllers\Api\Management\ReportController.php on line 16.
 1 SYSTEMPATH\CodeIgniter.php(903): App\Controllers\Api\Management\ReportController->__construct()
 2 SYSTEMPATH\CodeIgniter.php(500): CodeIgniter\CodeIgniter->createController()
 3 SYSTEMPATH\CodeIgniter.php(355): CodeIgniter\CodeIgniter->handleRequest(null, Object(Config\Cache), false)
 4 SYSTEMPATH\Boot.php(325): CodeIgniter\CodeIgniter->run()
 5 SYSTEMPATH\Boot.php(67): CodeIgniter\Boot::runCodeIgniter(Object(CodeIgniter\CodeIgniter))
 6 FCPATH\index.php(56): CodeIgniter\Boot::bootWeb(Object(Config\Paths))
 7 SYSTEMPATH\rewrite.php(44): require_once('C:\\xampp\\htdocs\\management\\public\\index.php')
WARNING - 2024-07-25 04:15:38 --> [DEPRECATED] Creation of dynamic property App\Controllers\Api\Management\ReportController::$parser is deprecated in APPPATH\Controllers\Api\Management\ReportController.php on line 16.
 1 SYSTEMPATH\CodeIgniter.php(903): App\Controllers\Api\Management\ReportController->__construct()
 2 SYSTEMPATH\CodeIgniter.php(500): CodeIgniter\CodeIgniter->createController()
 3 SYSTEMPATH\CodeIgniter.php(355): CodeIgniter\CodeIgniter->handleRequest(null, Object(Config\Cache), false)
 4 SYSTEMPATH\Boot.php(325): CodeIgniter\CodeIgniter->run()
 5 SYSTEMPATH\Boot.php(67): CodeIgniter\Boot::runCodeIgniter(Object(CodeIgniter\CodeIgniter))
 6 FCPATH\index.php(56): CodeIgniter\Boot::bootWeb(Object(Config\Paths))
 7 SYSTEMPATH\rewrite.php(44): require_once('C:\\xampp\\htdocs\\management\\public\\index.php')
WARNING - 2024-07-25 04:16:13 --> [DEPRECATED] Creation of dynamic property App\Controllers\Api\Management\ReportController::$parser is deprecated in APPPATH\Controllers\Api\Management\ReportController.php on line 16.
 1 SYSTEMPATH\CodeIgniter.php(903): App\Controllers\Api\Management\ReportController->__construct()
 2 SYSTEMPATH\CodeIgniter.php(500): CodeIgniter\CodeIgniter->createController()
 3 SYSTEMPATH\CodeIgniter.php(355): CodeIgniter\CodeIgniter->handleRequest(null, Object(Config\Cache), false)
 4 SYSTEMPATH\Boot.php(325): CodeIgniter\CodeIgniter->run()
 5 SYSTEMPATH\Boot.php(67): CodeIgniter\Boot::runCodeIgniter(Object(CodeIgniter\CodeIgniter))
 6 FCPATH\index.php(56): CodeIgniter\Boot::bootWeb(Object(Config\Paths))
 7 SYSTEMPATH\rewrite.php(44): require_once('C:\\xampp\\htdocs\\management\\public\\index.php')
CRITICAL - 2024-07-25 04:16:13 --> Error: Call to undefined method App\Controllers\Api\Management\ReportController::fail()
[Method: POST, Route: api/management/report/curerntVisitor]
in APPPATH\Controllers\Api\Management\ReportController.php on line 39.
 1 SYSTEMPATH\CodeIgniter.php(933): App\Controllers\Api\Management\ReportController->curerntVisitor()
 2 SYSTEMPATH\CodeIgniter.php(509): CodeIgniter\CodeIgniter->runController(Object(App\Controllers\Api\Management\ReportController))
 3 SYSTEMPATH\CodeIgniter.php(355): CodeIgniter\CodeIgniter->handleRequest(null, Object(Config\Cache), false)
 4 SYSTEMPATH\Boot.php(325): CodeIgniter\CodeIgniter->run()
 5 SYSTEMPATH\Boot.php(67): CodeIgniter\Boot::runCodeIgniter(Object(CodeIgniter\CodeIgniter))
 6 FCPATH\index.php(56): CodeIgniter\Boot::bootWeb(Object(Config\Paths))
 7 SYSTEMPATH\rewrite.php(44): require_once('C:\\xampp\\htdocs\\management\\public\\index.php')
WARNING - 2024-07-25 04:17:02 --> [DEPRECATED] Creation of dynamic property App\Controllers\Api\Management\ReportController::$parser is deprecated in APPPATH\Controllers\Api\Management\ReportController.php on line 16.
 1 SYSTEMPATH\CodeIgniter.php(903): App\Controllers\Api\Management\ReportController->__construct()
 2 SYSTEMPATH\CodeIgniter.php(500): CodeIgniter\CodeIgniter->createController()
 3 SYSTEMPATH\CodeIgniter.php(355): CodeIgniter\CodeIgniter->handleRequest(null, Object(Config\Cache), false)
 4 SYSTEMPATH\Boot.php(325): CodeIgniter\CodeIgniter->run()
 5 SYSTEMPATH\Boot.php(67): CodeIgniter\Boot::runCodeIgniter(Object(CodeIgniter\CodeIgniter))
 6 FCPATH\index.php(56): CodeIgniter\Boot::bootWeb(Object(Config\Paths))
 7 SYSTEMPATH\rewrite.php(44): require_once('C:\\xampp\\htdocs\\management\\public\\index.php')
CRITICAL - 2024-07-25 04:17:02 --> Error: Call to undefined method App\Controllers\Api\Management\ReportController::respond()
[Method: POST, Route: api/management/report/curerntVisitor]
in APPPATH\Controllers\Api\Management\ReportController.php on line 39.
 1 SYSTEMPATH\CodeIgniter.php(933): App\Controllers\Api\Management\ReportController->curerntVisitor()
 2 SYSTEMPATH\CodeIgniter.php(509): CodeIgniter\CodeIgniter->runController(Object(App\Controllers\Api\Management\ReportController))
 3 SYSTEMPATH\CodeIgniter.php(355): CodeIgniter\CodeIgniter->handleRequest(null, Object(Config\Cache), false)
 4 SYSTEMPATH\Boot.php(325): CodeIgniter\CodeIgniter->run()
 5 SYSTEMPATH\Boot.php(67): CodeIgniter\Boot::runCodeIgniter(Object(CodeIgniter\CodeIgniter))
 6 FCPATH\index.php(56): CodeIgniter\Boot::bootWeb(Object(Config\Paths))
 7 SYSTEMPATH\rewrite.php(44): require_once('C:\\xampp\\htdocs\\management\\public\\index.php')
WARNING - 2024-07-25 04:18:15 --> [DEPRECATED] Creation of dynamic property App\Controllers\Api\Management\ReportController::$parser is deprecated in APPPATH\Controllers\Api\Management\ReportController.php on line 16.
 1 SYSTEMPATH\CodeIgniter.php(903): App\Controllers\Api\Management\ReportController->__construct()
 2 SYSTEMPATH\CodeIgniter.php(500): CodeIgniter\CodeIgniter->createController()
 3 SYSTEMPATH\CodeIgniter.php(355): CodeIgniter\CodeIgniter->handleRequest(null, Object(Config\Cache), false)
 4 SYSTEMPATH\Boot.php(325): CodeIgniter\CodeIgniter->run()
 5 SYSTEMPATH\Boot.php(67): CodeIgniter\Boot::runCodeIgniter(Object(CodeIgniter\CodeIgniter))
 6 FCPATH\index.php(56): CodeIgniter\Boot::bootWeb(Object(Config\Paths))
 7 SYSTEMPATH\rewrite.php(44): require_once('C:\\xampp\\htdocs\\management\\public\\index.php')
CRITICAL - 2024-07-25 04:18:15 --> Error: Call to undefined method App\Controllers\Api\Management\ReportController::respond()
[Method: POST, Route: api/management/report/curerntVisitor]
in APPPATH\Controllers\Api\Management\ReportController.php on line 35.
 1 SYSTEMPATH\CodeIgniter.php(933): App\Controllers\Api\Management\ReportController->curerntVisitor()
 2 SYSTEMPATH\CodeIgniter.php(509): CodeIgniter\CodeIgniter->runController(Object(App\Controllers\Api\Management\ReportController))
 3 SYSTEMPATH\CodeIgniter.php(355): CodeIgniter\CodeIgniter->handleRequest(null, Object(Config\Cache), false)
 4 SYSTEMPATH\Boot.php(325): CodeIgniter\CodeIgniter->run()
 5 SYSTEMPATH\Boot.php(67): CodeIgniter\Boot::runCodeIgniter(Object(CodeIgniter\CodeIgniter))
 6 FCPATH\index.php(56): CodeIgniter\Boot::bootWeb(Object(Config\Paths))
 7 SYSTEMPATH\rewrite.php(44): require_once('C:\\xampp\\htdocs\\management\\public\\index.php')
WARNING - 2024-07-25 04:19:15 --> [DEPRECATED] Creation of dynamic property App\Controllers\Api\Management\ReportController::$parser is deprecated in APPPATH\Controllers\Api\Management\ReportController.php on line 17.
 1 SYSTEMPATH\CodeIgniter.php(903): App\Controllers\Api\Management\ReportController->__construct()
 2 SYSTEMPATH\CodeIgniter.php(500): CodeIgniter\CodeIgniter->createController()
 3 SYSTEMPATH\CodeIgniter.php(355): CodeIgniter\CodeIgniter->handleRequest(null, Object(Config\Cache), false)
 4 SYSTEMPATH\Boot.php(325): CodeIgniter\CodeIgniter->run()
 5 SYSTEMPATH\Boot.php(67): CodeIgniter\Boot::runCodeIgniter(Object(CodeIgniter\CodeIgniter))
 6 FCPATH\index.php(56): CodeIgniter\Boot::bootWeb(Object(Config\Paths))
 7 SYSTEMPATH\rewrite.php(44): require_once('C:\\xampp\\htdocs\\management\\public\\index.php')
WARNING - 2024-07-25 04:23:49 --> [DEPRECATED] Creation of dynamic property App\Controllers\Api\Management\ReportController::$parser is deprecated in APPPATH\Controllers\Api\Management\ReportController.php on line 17.
 1 SYSTEMPATH\CodeIgniter.php(903): App\Controllers\Api\Management\ReportController->__construct()
 2 SYSTEMPATH\CodeIgniter.php(500): CodeIgniter\CodeIgniter->createController()
 3 SYSTEMPATH\CodeIgniter.php(355): CodeIgniter\CodeIgniter->handleRequest(null, Object(Config\Cache), false)
 4 SYSTEMPATH\Boot.php(325): CodeIgniter\CodeIgniter->run()
 5 SYSTEMPATH\Boot.php(67): CodeIgniter\Boot::runCodeIgniter(Object(CodeIgniter\CodeIgniter))
 6 FCPATH\index.php(56): CodeIgniter\Boot::bootWeb(Object(Config\Paths))
 7 SYSTEMPATH\rewrite.php(44): require_once('C:\\xampp\\htdocs\\management\\public\\index.php')
CRITICAL - 2024-07-25 04:23:49 --> CodeIgniter\View\Exceptions\ViewException: Invalid file: "report/curernt_visitor.php"
[Method: POST, Route: api/management/report/curerntVisitor]
in SYSTEMPATH\Exceptions\FrameworkException.php on line 41.
 1 SYSTEMPATH\View\View.php(222): CodeIgniter\Exceptions\FrameworkException::forInvalidFile('report/curernt_visitor.php')
 2 SYSTEMPATH\Common.php(1171): CodeIgniter\View\View->render('report/curernt_visitor', [], true)
 3 APPPATH\Controllers\Api\Management\ReportController.php(38): view('report/curernt_visitor', [...])
 4 SYSTEMPATH\CodeIgniter.php(933): App\Controllers\Api\Management\ReportController->curerntVisitor()
 5 SYSTEMPATH\CodeIgniter.php(509): CodeIgniter\CodeIgniter->runController(Object(App\Controllers\Api\Management\ReportController))
 6 SYSTEMPATH\CodeIgniter.php(355): CodeIgniter\CodeIgniter->handleRequest(null, Object(Config\Cache), false)
 7 SYSTEMPATH\Boot.php(325): CodeIgniter\CodeIgniter->run()
 8 SYSTEMPATH\Boot.php(67): CodeIgniter\Boot::runCodeIgniter(Object(CodeIgniter\CodeIgniter))
 9 FCPATH\index.php(56): CodeIgniter\Boot::bootWeb(Object(Config\Paths))
10 SYSTEMPATH\rewrite.php(44): require_once('C:\\xampp\\htdocs\\management\\public\\index.php')
WARNING - 2024-07-25 04:25:32 --> [DEPRECATED] Creation of dynamic property App\Controllers\Api\Management\ReportController::$parser is deprecated in APPPATH\Controllers\Api\Management\ReportController.php on line 17.
 1 SYSTEMPATH\CodeIgniter.php(903): App\Controllers\Api\Management\ReportController->__construct()
 2 SYSTEMPATH\CodeIgniter.php(500): CodeIgniter\CodeIgniter->createController()
 3 SYSTEMPATH\CodeIgniter.php(355): CodeIgniter\CodeIgniter->handleRequest(null, Object(Config\Cache), false)
 4 SYSTEMPATH\Boot.php(325): CodeIgniter\CodeIgniter->run()
 5 SYSTEMPATH\Boot.php(67): CodeIgniter\Boot::runCodeIgniter(Object(CodeIgniter\CodeIgniter))
 6 FCPATH\index.php(56): CodeIgniter\Boot::bootWeb(Object(Config\Paths))
 7 SYSTEMPATH\rewrite.php(44): require_once('C:\\xampp\\htdocs\\management\\public\\index.php')
CRITICAL - 2024-07-25 04:25:32 --> CodeIgniter\View\Exceptions\ViewException: Invalid file: "report/curernt_visitor.blade"
[Method: POST, Route: api/management/report/curerntVisitor]
in SYSTEMPATH\Exceptions\FrameworkException.php on line 41.
 1 SYSTEMPATH\View\View.php(222): CodeIgniter\Exceptions\FrameworkException::forInvalidFile('report/curernt_visitor.blade')
 2 SYSTEMPATH\Common.php(1171): CodeIgniter\View\View->render('report/curernt_visitor.blade', [], true)
 3 APPPATH\Controllers\Api\Management\ReportController.php(38): view('report/curernt_visitor.blade', [...])
 4 SYSTEMPATH\CodeIgniter.php(933): App\Controllers\Api\Management\ReportController->curerntVisitor()
 5 SYSTEMPATH\CodeIgniter.php(509): CodeIgniter\CodeIgniter->runController(Object(App\Controllers\Api\Management\ReportController))
 6 SYSTEMPATH\CodeIgniter.php(355): CodeIgniter\CodeIgniter->handleRequest(null, Object(Config\Cache), false)
 7 SYSTEMPATH\Boot.php(325): CodeIgniter\CodeIgniter->run()
 8 SYSTEMPATH\Boot.php(67): CodeIgniter\Boot::runCodeIgniter(Object(CodeIgniter\CodeIgniter))
 9 FCPATH\index.php(56): CodeIgniter\Boot::bootWeb(Object(Config\Paths))
10 SYSTEMPATH\rewrite.php(44): require_once('C:\\xampp\\htdocs\\management\\public\\index.php')
WARNING - 2024-07-25 04:25:54 --> [DEPRECATED] Creation of dynamic property App\Controllers\Api\Management\ReportController::$parser is deprecated in APPPATH\Controllers\Api\Management\ReportController.php on line 17.
 1 SYSTEMPATH\CodeIgniter.php(903): App\Controllers\Api\Management\ReportController->__construct()
 2 SYSTEMPATH\CodeIgniter.php(500): CodeIgniter\CodeIgniter->createController()
 3 SYSTEMPATH\CodeIgniter.php(355): CodeIgniter\CodeIgniter->handleRequest(null, Object(Config\Cache), false)
 4 SYSTEMPATH\Boot.php(325): CodeIgniter\CodeIgniter->run()
 5 SYSTEMPATH\Boot.php(67): CodeIgniter\Boot::runCodeIgniter(Object(CodeIgniter\CodeIgniter))
 6 FCPATH\index.php(56): CodeIgniter\Boot::bootWeb(Object(Config\Paths))
 7 SYSTEMPATH\rewrite.php(44): require_once('C:\\xampp\\htdocs\\management\\public\\index.php')
CRITICAL - 2024-07-25 04:25:54 --> ErrorException: Undefined variable $name
[Method: POST, Route: api/management/report/curerntVisitor]
in APPPATH\Views\report\curernt_visitor.php on line 17.
 1 APPPATH\Views\report\curernt_visitor.php(17): CodeIgniter\Debug\Exceptions->errorHandler(2, 'Undefined variable $name', 'C:\\xampp\\htdocs\\management\\app\\Views\\report\\curernt_visitor.php', 17)
 2 SYSTEMPATH\View\View.php(234): include('C:\\xampp\\htdocs\\management\\app\\Views\\report\\curernt_visitor.php')
 3 SYSTEMPATH\View\View.php(237): CodeIgniter\View\View->CodeIgniter\View\{closure}()
 4 SYSTEMPATH\Common.php(1171): CodeIgniter\View\View->render('report/curernt_visitor', [], true)
 5 APPPATH\Controllers\Api\Management\ReportController.php(38): view('report/curernt_visitor', [...])
 6 SYSTEMPATH\CodeIgniter.php(933): App\Controllers\Api\Management\ReportController->curerntVisitor()
 7 SYSTEMPATH\CodeIgniter.php(509): CodeIgniter\CodeIgniter->runController(Object(App\Controllers\Api\Management\ReportController))
 8 SYSTEMPATH\CodeIgniter.php(355): CodeIgniter\CodeIgniter->handleRequest(null, Object(Config\Cache), false)
 9 SYSTEMPATH\Boot.php(325): CodeIgniter\CodeIgniter->run()
10 SYSTEMPATH\Boot.php(67): CodeIgniter\Boot::runCodeIgniter(Object(CodeIgniter\CodeIgniter))
11 FCPATH\index.php(56): CodeIgniter\Boot::bootWeb(Object(Config\Paths))
12 SYSTEMPATH\rewrite.php(44): require_once('C:\\xampp\\htdocs\\management\\public\\index.php')
WARNING - 2024-07-25 04:26:30 --> [DEPRECATED] Creation of dynamic property App\Controllers\Api\Management\ReportController::$parser is deprecated in APPPATH\Controllers\Api\Management\ReportController.php on line 17.
 1 SYSTEMPATH\CodeIgniter.php(903): App\Controllers\Api\Management\ReportController->__construct()
 2 SYSTEMPATH\CodeIgniter.php(500): CodeIgniter\CodeIgniter->createController()
 3 SYSTEMPATH\CodeIgniter.php(355): CodeIgniter\CodeIgniter->handleRequest(null, Object(Config\Cache), false)
 4 SYSTEMPATH\Boot.php(325): CodeIgniter\CodeIgniter->run()
 5 SYSTEMPATH\Boot.php(67): CodeIgniter\Boot::runCodeIgniter(Object(CodeIgniter\CodeIgniter))
 6 FCPATH\index.php(56): CodeIgniter\Boot::bootWeb(Object(Config\Paths))
 7 SYSTEMPATH\rewrite.php(44): require_once('C:\\xampp\\htdocs\\management\\public\\index.php')
CRITICAL - 2024-07-25 04:26:30 --> ErrorException: Undefined variable $name
[Method: POST, Route: api/management/report/curerntVisitor]
in APPPATH\Views\report\curernt_visitor.php on line 17.
 1 APPPATH\Views\report\curernt_visitor.php(17): CodeIgniter\Debug\Exceptions->errorHandler(2, 'Undefined variable $name', 'C:\\xampp\\htdocs\\management\\app\\Views\\report\\curernt_visitor.php', 17)
 2 SYSTEMPATH\View\View.php(234): include('C:\\xampp\\htdocs\\management\\app\\Views\\report\\curernt_visitor.php')
 3 SYSTEMPATH\View\View.php(237): CodeIgniter\View\View->CodeIgniter\View\{closure}()
 4 SYSTEMPATH\Common.php(1171): CodeIgniter\View\View->render('report/curernt_visitor', [], true)
 5 APPPATH\Controllers\Api\Management\ReportController.php(38): view('report/curernt_visitor', [...])
 6 SYSTEMPATH\CodeIgniter.php(933): App\Controllers\Api\Management\ReportController->curerntVisitor()
 7 SYSTEMPATH\CodeIgniter.php(509): CodeIgniter\CodeIgniter->runController(Object(App\Controllers\Api\Management\ReportController))
 8 SYSTEMPATH\CodeIgniter.php(355): CodeIgniter\CodeIgniter->handleRequest(null, Object(Config\Cache), false)
 9 SYSTEMPATH\Boot.php(325): CodeIgniter\CodeIgniter->run()
10 SYSTEMPATH\Boot.php(67): CodeIgniter\Boot::runCodeIgniter(Object(CodeIgniter\CodeIgniter))
11 FCPATH\index.php(56): CodeIgniter\Boot::bootWeb(Object(Config\Paths))
12 SYSTEMPATH\rewrite.php(44): require_once('C:\\xampp\\htdocs\\management\\public\\index.php')
WARNING - 2024-07-25 04:26:31 --> [DEPRECATED] Creation of dynamic property App\Controllers\Api\Management\ReportController::$parser is deprecated in APPPATH\Controllers\Api\Management\ReportController.php on line 17.
 1 SYSTEMPATH\CodeIgniter.php(903): App\Controllers\Api\Management\ReportController->__construct()
 2 SYSTEMPATH\CodeIgniter.php(500): CodeIgniter\CodeIgniter->createController()
 3 SYSTEMPATH\CodeIgniter.php(355): CodeIgniter\CodeIgniter->handleRequest(null, Object(Config\Cache), false)
 4 SYSTEMPATH\Boot.php(325): CodeIgniter\CodeIgniter->run()
 5 SYSTEMPATH\Boot.php(67): CodeIgniter\Boot::runCodeIgniter(Object(CodeIgniter\CodeIgniter))
 6 FCPATH\index.php(56): CodeIgniter\Boot::bootWeb(Object(Config\Paths))
 7 SYSTEMPATH\rewrite.php(44): require_once('C:\\xampp\\htdocs\\management\\public\\index.php')
CRITICAL - 2024-07-25 04:26:31 --> ErrorException: Undefined variable $name
[Method: POST, Route: api/management/report/curerntVisitor]
in APPPATH\Views\report\curernt_visitor.php on line 17.
 1 APPPATH\Views\report\curernt_visitor.php(17): CodeIgniter\Debug\Exceptions->errorHandler(2, 'Undefined variable $name', 'C:\\xampp\\htdocs\\management\\app\\Views\\report\\curernt_visitor.php', 17)
 2 SYSTEMPATH\View\View.php(234): include('C:\\xampp\\htdocs\\management\\app\\Views\\report\\curernt_visitor.php')
 3 SYSTEMPATH\View\View.php(237): CodeIgniter\View\View->CodeIgniter\View\{closure}()
 4 SYSTEMPATH\Common.php(1171): CodeIgniter\View\View->render('report/curernt_visitor', [], true)
 5 APPPATH\Controllers\Api\Management\ReportController.php(38): view('report/curernt_visitor', [...])
 6 SYSTEMPATH\CodeIgniter.php(933): App\Controllers\Api\Management\ReportController->curerntVisitor()
 7 SYSTEMPATH\CodeIgniter.php(509): CodeIgniter\CodeIgniter->runController(Object(App\Controllers\Api\Management\ReportController))
 8 SYSTEMPATH\CodeIgniter.php(355): CodeIgniter\CodeIgniter->handleRequest(null, Object(Config\Cache), false)
 9 SYSTEMPATH\Boot.php(325): CodeIgniter\CodeIgniter->run()
10 SYSTEMPATH\Boot.php(67): CodeIgniter\Boot::runCodeIgniter(Object(CodeIgniter\CodeIgniter))
11 FCPATH\index.php(56): CodeIgniter\Boot::bootWeb(Object(Config\Paths))
12 SYSTEMPATH\rewrite.php(44): require_once('C:\\xampp\\htdocs\\management\\public\\index.php')
WARNING - 2024-07-25 04:27:02 --> [DEPRECATED] Creation of dynamic property App\Controllers\Api\Management\ReportController::$parser is deprecated in APPPATH\Controllers\Api\Management\ReportController.php on line 17.
 1 SYSTEMPATH\CodeIgniter.php(903): App\Controllers\Api\Management\ReportController->__construct()
 2 SYSTEMPATH\CodeIgniter.php(500): CodeIgniter\CodeIgniter->createController()
 3 SYSTEMPATH\CodeIgniter.php(355): CodeIgniter\CodeIgniter->handleRequest(null, Object(Config\Cache), false)
 4 SYSTEMPATH\Boot.php(325): CodeIgniter\CodeIgniter->run()
 5 SYSTEMPATH\Boot.php(67): CodeIgniter\Boot::runCodeIgniter(Object(CodeIgniter\CodeIgniter))
 6 FCPATH\index.php(56): CodeIgniter\Boot::bootWeb(Object(Config\Paths))
 7 SYSTEMPATH\rewrite.php(44): require_once('C:\\xampp\\htdocs\\management\\public\\index.php')
WARNING - 2024-07-25 04:42:51 --> [DEPRECATED] Creation of dynamic property App\Controllers\Api\Management\ReportController::$parser is deprecated in APPPATH\Controllers\Api\Management\ReportController.php on line 17.
 1 SYSTEMPATH\CodeIgniter.php(903): App\Controllers\Api\Management\ReportController->__construct()
 2 SYSTEMPATH\CodeIgniter.php(500): CodeIgniter\CodeIgniter->createController()
 3 SYSTEMPATH\CodeIgniter.php(355): CodeIgniter\CodeIgniter->handleRequest(null, Object(Config\Cache), false)
 4 SYSTEMPATH\Boot.php(325): CodeIgniter\CodeIgniter->run()
 5 SYSTEMPATH\Boot.php(67): CodeIgniter\Boot::runCodeIgniter(Object(CodeIgniter\CodeIgniter))
 6 FCPATH\index.php(56): CodeIgniter\Boot::bootWeb(Object(Config\Paths))
 7 SYSTEMPATH\rewrite.php(44): require_once('C:\\xampp\\htdocs\\management\\public\\index.php')
CRITICAL - 2024-07-25 04:42:52 --> ErrorException: Undefined variable $datas
[Method: POST, Route: api/management/report/curerntVisitor]
in APPPATH\Views\report\curernt_visitor.php on line 16.
 1 APPPATH\Views\report\curernt_visitor.php(16): CodeIgniter\Debug\Exceptions->errorHandler(2, 'Undefined variable $datas', 'C:\\xampp\\htdocs\\management\\app\\Views\\report\\curernt_visitor.php', 16)
 2 SYSTEMPATH\View\View.php(234): include('C:\\xampp\\htdocs\\management\\app\\Views\\report\\curernt_visitor.php')
 3 SYSTEMPATH\View\View.php(237): CodeIgniter\View\View->CodeIgniter\View\{closure}()
 4 SYSTEMPATH\Common.php(1171): CodeIgniter\View\View->render('report/curernt_visitor', [], true)
 5 APPPATH\Controllers\Api\Management\ReportController.php(91): view('report/curernt_visitor', [...])
 6 SYSTEMPATH\CodeIgniter.php(933): App\Controllers\Api\Management\ReportController->curerntVisitor()
 7 SYSTEMPATH\CodeIgniter.php(509): CodeIgniter\CodeIgniter->runController(Object(App\Controllers\Api\Management\ReportController))
 8 SYSTEMPATH\CodeIgniter.php(355): CodeIgniter\CodeIgniter->handleRequest(null, Object(Config\Cache), false)
 9 SYSTEMPATH\Boot.php(325): CodeIgniter\CodeIgniter->run()
10 SYSTEMPATH\Boot.php(67): CodeIgniter\Boot::runCodeIgniter(Object(CodeIgniter\CodeIgniter))
11 FCPATH\index.php(56): CodeIgniter\Boot::bootWeb(Object(Config\Paths))
12 SYSTEMPATH\rewrite.php(44): require_once('C:\\xampp\\htdocs\\management\\public\\index.php')
WARNING - 2024-07-25 04:43:19 --> [DEPRECATED] Creation of dynamic property App\Controllers\Api\Management\ReportController::$parser is deprecated in APPPATH\Controllers\Api\Management\ReportController.php on line 17.
 1 SYSTEMPATH\CodeIgniter.php(903): App\Controllers\Api\Management\ReportController->__construct()
 2 SYSTEMPATH\CodeIgniter.php(500): CodeIgniter\CodeIgniter->createController()
 3 SYSTEMPATH\CodeIgniter.php(355): CodeIgniter\CodeIgniter->handleRequest(null, Object(Config\Cache), false)
 4 SYSTEMPATH\Boot.php(325): CodeIgniter\CodeIgniter->run()
 5 SYSTEMPATH\Boot.php(67): CodeIgniter\Boot::runCodeIgniter(Object(CodeIgniter\CodeIgniter))
 6 FCPATH\index.php(56): CodeIgniter\Boot::bootWeb(Object(Config\Paths))
 7 SYSTEMPATH\rewrite.php(44): require_once('C:\\xampp\\htdocs\\management\\public\\index.php')
CRITICAL - 2024-07-25 04:43:20 --> ErrorException: Undefined variable $data
[Method: POST, Route: api/management/report/curerntVisitor]
in APPPATH\Views\report\curernt_visitor.php on line 16.
 1 APPPATH\Views\report\curernt_visitor.php(16): CodeIgniter\Debug\Exceptions->errorHandler(2, 'Undefined variable $data', 'C:\\xampp\\htdocs\\management\\app\\Views\\report\\curernt_visitor.php', 16)
 2 SYSTEMPATH\View\View.php(234): include('C:\\xampp\\htdocs\\management\\app\\Views\\report\\curernt_visitor.php')
 3 SYSTEMPATH\View\View.php(237): CodeIgniter\View\View->CodeIgniter\View\{closure}()
 4 SYSTEMPATH\Common.php(1171): CodeIgniter\View\View->render('report/curernt_visitor', [], true)
 5 APPPATH\Controllers\Api\Management\ReportController.php(91): view('report/curernt_visitor', [...])
 6 SYSTEMPATH\CodeIgniter.php(933): App\Controllers\Api\Management\ReportController->curerntVisitor()
 7 SYSTEMPATH\CodeIgniter.php(509): CodeIgniter\CodeIgniter->runController(Object(App\Controllers\Api\Management\ReportController))
 8 SYSTEMPATH\CodeIgniter.php(355): CodeIgniter\CodeIgniter->handleRequest(null, Object(Config\Cache), false)
 9 SYSTEMPATH\Boot.php(325): CodeIgniter\CodeIgniter->run()
10 SYSTEMPATH\Boot.php(67): CodeIgniter\Boot::runCodeIgniter(Object(CodeIgniter\CodeIgniter))
11 FCPATH\index.php(56): CodeIgniter\Boot::bootWeb(Object(Config\Paths))
12 SYSTEMPATH\rewrite.php(44): require_once('C:\\xampp\\htdocs\\management\\public\\index.php')
WARNING - 2024-07-25 04:47:09 --> [DEPRECATED] Creation of dynamic property App\Controllers\Api\Management\ReportController::$parser is deprecated in APPPATH\Controllers\Api\Management\ReportController.php on line 17.
 1 SYSTEMPATH\CodeIgniter.php(903): App\Controllers\Api\Management\ReportController->__construct()
 2 SYSTEMPATH\CodeIgniter.php(500): CodeIgniter\CodeIgniter->createController()
 3 SYSTEMPATH\CodeIgniter.php(355): CodeIgniter\CodeIgniter->handleRequest(null, Object(Config\Cache), false)
 4 SYSTEMPATH\Boot.php(325): CodeIgniter\CodeIgniter->run()
 5 SYSTEMPATH\Boot.php(67): CodeIgniter\Boot::runCodeIgniter(Object(CodeIgniter\CodeIgniter))
 6 FCPATH\index.php(56): CodeIgniter\Boot::bootWeb(Object(Config\Paths))
 7 SYSTEMPATH\rewrite.php(44): require_once('C:\\xampp\\htdocs\\management\\public\\index.php')
CRITICAL - 2024-07-25 04:47:10 --> ErrorException: Undefined variable $data
[Method: POST, Route: api/management/report/curerntVisitor]
in APPPATH\Views\report\curernt_visitor.php on line 3.
 1 APPPATH\Views\report\curernt_visitor.php(3): CodeIgniter\Debug\Exceptions->errorHandler(2, 'Undefined variable $data', 'C:\\xampp\\htdocs\\management\\app\\Views\\report\\curernt_visitor.php', 3)
 2 SYSTEMPATH\View\View.php(234): include('C:\\xampp\\htdocs\\management\\app\\Views\\report\\curernt_visitor.php')
 3 SYSTEMPATH\View\View.php(237): CodeIgniter\View\View->CodeIgniter\View\{closure}()
 4 SYSTEMPATH\Common.php(1171): CodeIgniter\View\View->render('report/curernt_visitor', [], true)
 5 APPPATH\Controllers\Api\Management\ReportController.php(91): view('report/curernt_visitor', [...])
 6 SYSTEMPATH\CodeIgniter.php(933): App\Controllers\Api\Management\ReportController->curerntVisitor()
 7 SYSTEMPATH\CodeIgniter.php(509): CodeIgniter\CodeIgniter->runController(Object(App\Controllers\Api\Management\ReportController))
 8 SYSTEMPATH\CodeIgniter.php(355): CodeIgniter\CodeIgniter->handleRequest(null, Object(Config\Cache), false)
 9 SYSTEMPATH\Boot.php(325): CodeIgniter\CodeIgniter->run()
10 SYSTEMPATH\Boot.php(67): CodeIgniter\Boot::runCodeIgniter(Object(CodeIgniter\CodeIgniter))
11 FCPATH\index.php(56): CodeIgniter\Boot::bootWeb(Object(Config\Paths))
12 SYSTEMPATH\rewrite.php(44): require_once('C:\\xampp\\htdocs\\management\\public\\index.php')
WARNING - 2024-07-25 04:47:39 --> [DEPRECATED] Creation of dynamic property App\Controllers\Api\Management\ReportController::$parser is deprecated in APPPATH\Controllers\Api\Management\ReportController.php on line 17.
 1 SYSTEMPATH\CodeIgniter.php(903): App\Controllers\Api\Management\ReportController->__construct()
 2 SYSTEMPATH\CodeIgniter.php(500): CodeIgniter\CodeIgniter->createController()
 3 SYSTEMPATH\CodeIgniter.php(355): CodeIgniter\CodeIgniter->handleRequest(null, Object(Config\Cache), false)
 4 SYSTEMPATH\Boot.php(325): CodeIgniter\CodeIgniter->run()
 5 SYSTEMPATH\Boot.php(67): CodeIgniter\Boot::runCodeIgniter(Object(CodeIgniter\CodeIgniter))
 6 FCPATH\index.php(56): CodeIgniter\Boot::bootWeb(Object(Config\Paths))
 7 SYSTEMPATH\rewrite.php(44): require_once('C:\\xampp\\htdocs\\management\\public\\index.php')
CRITICAL - 2024-07-25 04:47:40 --> ErrorException: Undefined variable $data
[Method: POST, Route: api/management/report/curerntVisitor]
in APPPATH\Views\report\curernt_visitor.php on line 3.
 1 APPPATH\Views\report\curernt_visitor.php(3): CodeIgniter\Debug\Exceptions->errorHandler(2, 'Undefined variable $data', 'C:\\xampp\\htdocs\\management\\app\\Views\\report\\curernt_visitor.php', 3)
 2 SYSTEMPATH\View\View.php(234): include('C:\\xampp\\htdocs\\management\\app\\Views\\report\\curernt_visitor.php')
 3 SYSTEMPATH\View\View.php(237): CodeIgniter\View\View->CodeIgniter\View\{closure}()
 4 SYSTEMPATH\Common.php(1171): CodeIgniter\View\View->render('report/curernt_visitor', [], true)
 5 APPPATH\Controllers\Api\Management\ReportController.php(91): view('report/curernt_visitor', [...])
 6 SYSTEMPATH\CodeIgniter.php(933): App\Controllers\Api\Management\ReportController->curerntVisitor()
 7 SYSTEMPATH\CodeIgniter.php(509): CodeIgniter\CodeIgniter->runController(Object(App\Controllers\Api\Management\ReportController))
 8 SYSTEMPATH\CodeIgniter.php(355): CodeIgniter\CodeIgniter->handleRequest(null, Object(Config\Cache), false)
 9 SYSTEMPATH\Boot.php(325): CodeIgniter\CodeIgniter->run()
10 SYSTEMPATH\Boot.php(67): CodeIgniter\Boot::runCodeIgniter(Object(CodeIgniter\CodeIgniter))
11 FCPATH\index.php(56): CodeIgniter\Boot::bootWeb(Object(Config\Paths))
12 SYSTEMPATH\rewrite.php(44): require_once('C:\\xampp\\htdocs\\management\\public\\index.php')
WARNING - 2024-07-25 04:52:08 --> [DEPRECATED] Creation of dynamic property App\Controllers\Api\Management\ReportController::$parser is deprecated in APPPATH\Controllers\Api\Management\ReportController.php on line 17.
 1 SYSTEMPATH\CodeIgniter.php(903): App\Controllers\Api\Management\ReportController->__construct()
 2 SYSTEMPATH\CodeIgniter.php(500): CodeIgniter\CodeIgniter->createController()
 3 SYSTEMPATH\CodeIgniter.php(355): CodeIgniter\CodeIgniter->handleRequest(null, Object(Config\Cache), false)
 4 SYSTEMPATH\Boot.php(325): CodeIgniter\CodeIgniter->run()
 5 SYSTEMPATH\Boot.php(67): CodeIgniter\Boot::runCodeIgniter(Object(CodeIgniter\CodeIgniter))
 6 FCPATH\index.php(56): CodeIgniter\Boot::bootWeb(Object(Config\Paths))
 7 SYSTEMPATH\rewrite.php(44): require_once('C:\\xampp\\htdocs\\management\\public\\index.php')
CRITICAL - 2024-07-25 04:52:09 --> TypeError: view(): Argument #2 ($data) must be of type array, string given, called in C:\xampp\htdocs\management\app\Controllers\Api\Management\ReportController.php on line 91
[Method: POST, Route: api/management/report/curerntVisitor]
in SYSTEMPATH\Common.php on line 1159.
 1 APPPATH\Controllers\Api\Management\ReportController.php(91): view('report/curernt_visitor', '[{"type_name":"Temp Staff","person_name":"others","name":"Visitor8 Demo","company_name":"MacGo","email":"Visitor8@gmail.com","mobile_number":"1234554343","visitor_record_keys":[],"created_at":"2024-07-02 13:33:21","complate_at":"2024-07-02 13:33:21"},{"type_name":"Cover Staff","person_name":"others","name":"visitor7 demo","company_name":"Demo","email":"visitor7@gmail.com","mobile_number":"1234432152","visitor_record_keys":[],"created_at":"2024-07-02 13:03:14","complate_at":"2024-07-02 13:03:14"},{"type_name":"Volunteer","person_name":"others","name":"Michel Ronna","company_name":"Demo","email":"Michel@test.com","mobile_number":"4646454545","visitor_record_keys":[],"created_at":"2024-07-02 11:52:25","complate_at":"2024-07-02 11:52:25"},{"type_name":"Cover Staff","person_name":"others","name":"Hamer Smith","company_name":"Demo","email":"Hamer@test.com","mobile_number":"4546454645","visitor_record_keys":[],"created_at":"2024-07-02 06:58:24","complate_at":"2024-07-02 06:58:24"},{"type_name":"Parent","person_name":"others","name":"Luffy Monkey","company_name":"","email":"Braghav936@gmail.com","mobile_number":"7807833671","visitor_record_keys":[],"created_at":"2024-05-23 07:50:35","complate_at":"2024-05-23 07:50:35"},{"type_name":"Visitors for meeting","person_name":"others","name":"Randal Smith","company_name":"Demo","email":"Ramdall@test.com","mobile_number":"8989898989","visitor_record_keys":[],"created_at":"2024-05-22 04:52:58","complate_at":"2024-05-22 04:52:58"}]')
 2 SYSTEMPATH\CodeIgniter.php(933): App\Controllers\Api\Management\ReportController->curerntVisitor()
 3 SYSTEMPATH\CodeIgniter.php(509): CodeIgniter\CodeIgniter->runController(Object(App\Controllers\Api\Management\ReportController))
 4 SYSTEMPATH\CodeIgniter.php(355): CodeIgniter\CodeIgniter->handleRequest(null, Object(Config\Cache), false)
 5 SYSTEMPATH\Boot.php(325): CodeIgniter\CodeIgniter->run()
 6 SYSTEMPATH\Boot.php(67): CodeIgniter\Boot::runCodeIgniter(Object(CodeIgniter\CodeIgniter))
 7 FCPATH\index.php(56): CodeIgniter\Boot::bootWeb(Object(Config\Paths))
 8 SYSTEMPATH\rewrite.php(44): require_once('C:\\xampp\\htdocs\\management\\public\\index.php')
WARNING - 2024-07-25 04:55:40 --> [DEPRECATED] Creation of dynamic property App\Controllers\Api\Management\ReportController::$parser is deprecated in APPPATH\Controllers\Api\Management\ReportController.php on line 17.
 1 SYSTEMPATH\CodeIgniter.php(903): App\Controllers\Api\Management\ReportController->__construct()
 2 SYSTEMPATH\CodeIgniter.php(500): CodeIgniter\CodeIgniter->createController()
 3 SYSTEMPATH\CodeIgniter.php(355): CodeIgniter\CodeIgniter->handleRequest(null, Object(Config\Cache), false)
 4 SYSTEMPATH\Boot.php(325): CodeIgniter\CodeIgniter->run()
 5 SYSTEMPATH\Boot.php(67): CodeIgniter\Boot::runCodeIgniter(Object(CodeIgniter\CodeIgniter))
 6 FCPATH\index.php(56): CodeIgniter\Boot::bootWeb(Object(Config\Paths))
 7 SYSTEMPATH\rewrite.php(44): require_once('C:\\xampp\\htdocs\\management\\public\\index.php')
CRITICAL - 2024-07-25 04:55:40 --> ErrorException: Attempt to read property "name" on array
[Method: POST, Route: api/management/report/curerntVisitor]
in APPPATH\Views\report\curernt_visitor.php on line 20.
 1 APPPATH\Views\report\curernt_visitor.php(20): CodeIgniter\Debug\Exceptions->errorHandler(2, 'Attempt to read property "name" on array', 'C:\\xampp\\htdocs\\management\\app\\Views\\report\\curernt_visitor.php', 20)
 2 SYSTEMPATH\View\View.php(234): include('C:\\xampp\\htdocs\\management\\app\\Views\\report\\curernt_visitor.php')
 3 SYSTEMPATH\View\View.php(237): CodeIgniter\View\View->CodeIgniter\View\{closure}()
 4 SYSTEMPATH\Common.php(1171): CodeIgniter\View\View->render('report/curernt_visitor', [], true)
 5 APPPATH\Controllers\Api\Management\ReportController.php(90): view('report/curernt_visitor', [...])
 6 SYSTEMPATH\CodeIgniter.php(933): App\Controllers\Api\Management\ReportController->curerntVisitor()
 7 SYSTEMPATH\CodeIgniter.php(509): CodeIgniter\CodeIgniter->runController(Object(App\Controllers\Api\Management\ReportController))
 8 SYSTEMPATH\CodeIgniter.php(355): CodeIgniter\CodeIgniter->handleRequest(null, Object(Config\Cache), false)
 9 SYSTEMPATH\Boot.php(325): CodeIgniter\CodeIgniter->run()
10 SYSTEMPATH\Boot.php(67): CodeIgniter\Boot::runCodeIgniter(Object(CodeIgniter\CodeIgniter))
11 FCPATH\index.php(56): CodeIgniter\Boot::bootWeb(Object(Config\Paths))
12 SYSTEMPATH\rewrite.php(44): require_once('C:\\xampp\\htdocs\\management\\public\\index.php')
WARNING - 2024-07-25 04:55:54 --> [DEPRECATED] Creation of dynamic property App\Controllers\Api\Management\ReportController::$parser is deprecated in APPPATH\Controllers\Api\Management\ReportController.php on line 17.
 1 SYSTEMPATH\CodeIgniter.php(903): App\Controllers\Api\Management\ReportController->__construct()
 2 SYSTEMPATH\CodeIgniter.php(500): CodeIgniter\CodeIgniter->createController()
 3 SYSTEMPATH\CodeIgniter.php(355): CodeIgniter\CodeIgniter->handleRequest(null, Object(Config\Cache), false)
 4 SYSTEMPATH\Boot.php(325): CodeIgniter\CodeIgniter->run()
 5 SYSTEMPATH\Boot.php(67): CodeIgniter\Boot::runCodeIgniter(Object(CodeIgniter\CodeIgniter))
 6 FCPATH\index.php(56): CodeIgniter\Boot::bootWeb(Object(Config\Paths))
 7 SYSTEMPATH\rewrite.php(44): require_once('C:\\xampp\\htdocs\\management\\public\\index.php')
WARNING - 2024-07-25 04:56:18 --> [DEPRECATED] Creation of dynamic property App\Controllers\Api\Management\ReportController::$parser is deprecated in APPPATH\Controllers\Api\Management\ReportController.php on line 17.
 1 SYSTEMPATH\CodeIgniter.php(903): App\Controllers\Api\Management\ReportController->__construct()
 2 SYSTEMPATH\CodeIgniter.php(500): CodeIgniter\CodeIgniter->createController()
 3 SYSTEMPATH\CodeIgniter.php(355): CodeIgniter\CodeIgniter->handleRequest(null, Object(Config\Cache), false)
 4 SYSTEMPATH\Boot.php(325): CodeIgniter\CodeIgniter->run()
 5 SYSTEMPATH\Boot.php(67): CodeIgniter\Boot::runCodeIgniter(Object(CodeIgniter\CodeIgniter))
 6 FCPATH\index.php(56): CodeIgniter\Boot::bootWeb(Object(Config\Paths))
 7 SYSTEMPATH\rewrite.php(44): require_once('C:\\xampp\\htdocs\\management\\public\\index.php')
WARNING - 2024-07-25 05:01:06 --> [DEPRECATED] Creation of dynamic property App\Controllers\Api\Management\ReportController::$parser is deprecated in APPPATH\Controllers\Api\Management\ReportController.php on line 17.
 1 SYSTEMPATH\CodeIgniter.php(903): App\Controllers\Api\Management\ReportController->__construct()
 2 SYSTEMPATH\CodeIgniter.php(500): CodeIgniter\CodeIgniter->createController()
 3 SYSTEMPATH\CodeIgniter.php(355): CodeIgniter\CodeIgniter->handleRequest(null, Object(Config\Cache), false)
 4 SYSTEMPATH\Boot.php(325): CodeIgniter\CodeIgniter->run()
 5 SYSTEMPATH\Boot.php(67): CodeIgniter\Boot::runCodeIgniter(Object(CodeIgniter\CodeIgniter))
 6 FCPATH\index.php(56): CodeIgniter\Boot::bootWeb(Object(Config\Paths))
 7 SYSTEMPATH\rewrite.php(44): require_once('C:\\xampp\\htdocs\\management\\public\\index.php')
WARNING - 2024-07-25 05:02:24 --> [DEPRECATED] Creation of dynamic property App\Controllers\Api\Management\ReportController::$parser is deprecated in APPPATH\Controllers\Api\Management\ReportController.php on line 17.
 1 SYSTEMPATH\CodeIgniter.php(903): App\Controllers\Api\Management\ReportController->__construct()
 2 SYSTEMPATH\CodeIgniter.php(500): CodeIgniter\CodeIgniter->createController()
 3 SYSTEMPATH\CodeIgniter.php(355): CodeIgniter\CodeIgniter->handleRequest(null, Object(Config\Cache), false)
 4 SYSTEMPATH\Boot.php(325): CodeIgniter\CodeIgniter->run()
 5 SYSTEMPATH\Boot.php(67): CodeIgniter\Boot::runCodeIgniter(Object(CodeIgniter\CodeIgniter))
 6 FCPATH\index.php(56): CodeIgniter\Boot::bootWeb(Object(Config\Paths))
 7 SYSTEMPATH\rewrite.php(44): require_once('C:\\xampp\\htdocs\\management\\public\\index.php')
WARNING - 2024-07-25 05:08:23 --> [DEPRECATED] Creation of dynamic property App\Controllers\Api\Management\ReportController::$parser is deprecated in APPPATH\Controllers\Api\Management\ReportController.php on line 17.
 1 SYSTEMPATH\CodeIgniter.php(903): App\Controllers\Api\Management\ReportController->__construct()
 2 SYSTEMPATH\CodeIgniter.php(500): CodeIgniter\CodeIgniter->createController()
 3 SYSTEMPATH\CodeIgniter.php(355): CodeIgniter\CodeIgniter->handleRequest(null, Object(Config\Cache), false)
 4 SYSTEMPATH\Boot.php(325): CodeIgniter\CodeIgniter->run()
 5 SYSTEMPATH\Boot.php(67): CodeIgniter\Boot::runCodeIgniter(Object(CodeIgniter\CodeIgniter))
 6 FCPATH\index.php(56): CodeIgniter\Boot::bootWeb(Object(Config\Paths))
 7 SYSTEMPATH\rewrite.php(44): require_once('C:\\xampp\\htdocs\\management\\public\\index.php')
WARNING - 2024-07-25 05:09:23 --> [DEPRECATED] Creation of dynamic property App\Controllers\Api\Management\ReportController::$parser is deprecated in APPPATH\Controllers\Api\Management\ReportController.php on line 17.
 1 SYSTEMPATH\CodeIgniter.php(903): App\Controllers\Api\Management\ReportController->__construct()
 2 SYSTEMPATH\CodeIgniter.php(500): CodeIgniter\CodeIgniter->createController()
 3 SYSTEMPATH\CodeIgniter.php(355): CodeIgniter\CodeIgniter->handleRequest(null, Object(Config\Cache), false)
 4 SYSTEMPATH\Boot.php(325): CodeIgniter\CodeIgniter->run()
 5 SYSTEMPATH\Boot.php(67): CodeIgniter\Boot::runCodeIgniter(Object(CodeIgniter\CodeIgniter))
 6 FCPATH\index.php(56): CodeIgniter\Boot::bootWeb(Object(Config\Paths))
 7 SYSTEMPATH\rewrite.php(44): require_once('C:\\xampp\\htdocs\\management\\public\\index.php')
WARNING - 2024-07-25 05:12:16 --> [DEPRECATED] Creation of dynamic property App\Controllers\Api\Management\ReportController::$parser is deprecated in APPPATH\Controllers\Api\Management\ReportController.php on line 17.
 1 SYSTEMPATH\CodeIgniter.php(903): App\Controllers\Api\Management\ReportController->__construct()
 2 SYSTEMPATH\CodeIgniter.php(500): CodeIgniter\CodeIgniter->createController()
 3 SYSTEMPATH\CodeIgniter.php(355): CodeIgniter\CodeIgniter->handleRequest(null, Object(Config\Cache), false)
 4 SYSTEMPATH\Boot.php(325): CodeIgniter\CodeIgniter->run()
 5 SYSTEMPATH\Boot.php(67): CodeIgniter\Boot::runCodeIgniter(Object(CodeIgniter\CodeIgniter))
 6 FCPATH\index.php(56): CodeIgniter\Boot::bootWeb(Object(Config\Paths))
 7 SYSTEMPATH\rewrite.php(44): require_once('C:\\xampp\\htdocs\\management\\public\\index.php')
WARNING - 2024-07-25 05:16:46 --> [DEPRECATED] Creation of dynamic property App\Controllers\Api\Management\ReportController::$parser is deprecated in APPPATH\Controllers\Api\Management\ReportController.php on line 17.
 1 SYSTEMPATH\CodeIgniter.php(903): App\Controllers\Api\Management\ReportController->__construct()
 2 SYSTEMPATH\CodeIgniter.php(500): CodeIgniter\CodeIgniter->createController()
 3 SYSTEMPATH\CodeIgniter.php(355): CodeIgniter\CodeIgniter->handleRequest(null, Object(Config\Cache), false)
 4 SYSTEMPATH\Boot.php(325): CodeIgniter\CodeIgniter->run()
 5 SYSTEMPATH\Boot.php(67): CodeIgniter\Boot::runCodeIgniter(Object(CodeIgniter\CodeIgniter))
 6 FCPATH\index.php(56): CodeIgniter\Boot::bootWeb(Object(Config\Paths))
 7 SYSTEMPATH\rewrite.php(44): require_once('C:\\xampp\\htdocs\\management\\public\\index.php')
CRITICAL - 2024-07-25 05:16:46 --> ErrorException: Attempt to read property "key_id" on null
[Method: POST, Route: api/management/report/curerntVisitor]
in APPPATH\Controllers\Api\Management\ReportController.php on line 63.
 1 APPPATH\Controllers\Api\Management\ReportController.php(63): CodeIgniter\Debug\Exceptions->errorHandler(2, 'Attempt to read property "key_id" on null', 'C:\\xampp\\htdocs\\management\\app\\Controllers\\Api\\Management\\ReportController.php', 63)
 2 SYSTEMPATH\CodeIgniter.php(933): App\Controllers\Api\Management\ReportController->curerntVisitor()
 3 SYSTEMPATH\CodeIgniter.php(509): CodeIgniter\CodeIgniter->runController(Object(App\Controllers\Api\Management\ReportController))
 4 SYSTEMPATH\CodeIgniter.php(355): CodeIgniter\CodeIgniter->handleRequest(null, Object(Config\Cache), false)
 5 SYSTEMPATH\Boot.php(325): CodeIgniter\CodeIgniter->run()
 6 SYSTEMPATH\Boot.php(67): CodeIgniter\Boot::runCodeIgniter(Object(CodeIgniter\CodeIgniter))
 7 FCPATH\index.php(56): CodeIgniter\Boot::bootWeb(Object(Config\Paths))
 8 SYSTEMPATH\rewrite.php(44): require_once('C:\\xampp\\htdocs\\management\\public\\index.php')
WARNING - 2024-07-25 07:29:53 --> [DEPRECATED] Creation of dynamic property App\Controllers\Api\Management\ReportController::$parser is deprecated in APPPATH\Controllers\Api\Management\ReportController.php on line 17.
 1 SYSTEMPATH\CodeIgniter.php(903): App\Controllers\Api\Management\ReportController->__construct()
 2 SYSTEMPATH\CodeIgniter.php(500): CodeIgniter\CodeIgniter->createController()
 3 SYSTEMPATH\CodeIgniter.php(355): CodeIgniter\CodeIgniter->handleRequest(null, Object(Config\Cache), false)
 4 SYSTEMPATH\Boot.php(325): CodeIgniter\CodeIgniter->run()
 5 SYSTEMPATH\Boot.php(67): CodeIgniter\Boot::runCodeIgniter(Object(CodeIgniter\CodeIgniter))
 6 FCPATH\index.php(56): CodeIgniter\Boot::bootWeb(Object(Config\Paths))
 7 SYSTEMPATH\rewrite.php(44): require_once('C:\\xampp\\htdocs\\management\\public\\index.php')
WARNING - 2024-07-25 07:31:44 --> [DEPRECATED] Creation of dynamic property App\Controllers\Api\Management\ReportController::$parser is deprecated in APPPATH\Controllers\Api\Management\ReportController.php on line 17.
 1 SYSTEMPATH\CodeIgniter.php(903): App\Controllers\Api\Management\ReportController->__construct()
 2 SYSTEMPATH\CodeIgniter.php(500): CodeIgniter\CodeIgniter->createController()
 3 SYSTEMPATH\CodeIgniter.php(355): CodeIgniter\CodeIgniter->handleRequest(null, Object(Config\Cache), false)
 4 SYSTEMPATH\Boot.php(325): CodeIgniter\CodeIgniter->run()
 5 SYSTEMPATH\Boot.php(67): CodeIgniter\Boot::runCodeIgniter(Object(CodeIgniter\CodeIgniter))
 6 FCPATH\index.php(56): CodeIgniter\Boot::bootWeb(Object(Config\Paths))
 7 SYSTEMPATH\rewrite.php(44): require_once('C:\\xampp\\htdocs\\management\\public\\index.php')
