CRITICAL - 2024-07-24 08:22:49 --> Error: Class "Locale" not found
in SYSTEMPATH\CodeIgniter.php on line 218.
 1 FCPATH\index.php(71): CodeIgniter\CodeIgniter->initialize()
CRITICAL - 2024-07-24 08:23:05 --> Error: Class "Locale" not found
in SYSTEMPATH\CodeIgniter.php on line 218.
 1 FCPATH\index.php(71): CodeIgniter\CodeIgniter->initialize()
CRITICAL - 2024-07-24 08:29:57 --> Error: Class "Locale" not found
in SYSTEMPATH\CodeIgniter.php on line 218.
 1 FCPATH\index.php(71): CodeIgniter\CodeIgniter->initialize()
CRITICAL - 2024-07-24 08:29:59 --> Error: Class "Locale" not found
in SYSTEMPATH\CodeIgniter.php on line 218.
 1 FCPATH\index.php(71): CodeIgniter\CodeIgniter->initialize()
CRITICAL - 2024-07-24 08:30:45 --> Error: Class "Locale" not found
in SYSTEMPATH\CodeIgniter.php on line 218.
 1 ROOTPATH\spark(88): CodeIgniter\CodeIgniter->initialize()
WARNING - 2024-07-24 08:38:09 --> [DEPRECATED] Creation of dynamic property App\Controllers\Generate::$parser is deprecated in APPPATH\Controllers\Generate.php on line 12.
 1 SYSTEMPATH\CodeIgniter.php(903): App\Controllers\Generate->__construct()
 2 SYSTEMPATH\CodeIgniter.php(500): CodeIgniter\CodeIgniter->createController()
 3 SYSTEMPATH\CodeIgniter.php(355): CodeIgniter\CodeIgniter->handleRequest(null, Object(Config\Cache), false)
 4 SYSTEMPATH\Boot.php(325): CodeIgniter\CodeIgniter->run()
 5 SYSTEMPATH\Boot.php(67): CodeIgniter\Boot::runCodeIgniter(Object(CodeIgniter\CodeIgniter))
 6 FCPATH\index.php(56): CodeIgniter\Boot::bootWeb(Object(Config\Paths))
 7 SYSTEMPATH\rewrite.php(44): require_once('C:\\xampp\\htdocs\\management\\public\\index.php')
CRITICAL - 2024-07-24 08:38:09 --> ErrorException: file_get_contents(C:\xampp\htdocs\management\/public/images/profile.png): Failed to open stream: No such file or directory
[Method: GET, Route: Generate/generate_pdf]
in APPPATH\Controllers\Generate.php on line 35.
 1 [internal function]: CodeIgniter\Debug\Exceptions->errorHandler(2, 'file_get_contents(C:\\xampp\\htdocs\\management\\/public/images/profile.png): Failed to open stream: No such file or directory', 'C:\\xampp\\htdocs\\management\\app\\Controllers\\Generate.php', 35)
 2 APPPATH\Controllers\Generate.php(35): file_get_contents('C:\\xampp\\htdocs\\management\\/public/images/profile.png')
 3 APPPATH\Controllers\Generate.php(20): App\Controllers\Generate->imageToBase64('C:\\xampp\\htdocs\\management\\/public/images/profile.png')
 4 SYSTEMPATH\CodeIgniter.php(933): App\Controllers\Generate->generate_pdf()
 5 SYSTEMPATH\CodeIgniter.php(509): CodeIgniter\CodeIgniter->runController(Object(App\Controllers\Generate))
 6 SYSTEMPATH\CodeIgniter.php(355): CodeIgniter\CodeIgniter->handleRequest(null, Object(Config\Cache), false)
 7 SYSTEMPATH\Boot.php(325): CodeIgniter\CodeIgniter->run()
 8 SYSTEMPATH\Boot.php(67): CodeIgniter\Boot::runCodeIgniter(Object(CodeIgniter\CodeIgniter))
 9 FCPATH\index.php(56): CodeIgniter\Boot::bootWeb(Object(Config\Paths))
10 SYSTEMPATH\rewrite.php(44): require_once('C:\\xampp\\htdocs\\management\\public\\index.php')
WARNING - 2024-07-24 08:38:41 --> [DEPRECATED] Creation of dynamic property App\Controllers\Generate::$parser is deprecated in APPPATH\Controllers\Generate.php on line 12.
 1 SYSTEMPATH\CodeIgniter.php(903): App\Controllers\Generate->__construct()
 2 SYSTEMPATH\CodeIgniter.php(500): CodeIgniter\CodeIgniter->createController()
 3 SYSTEMPATH\CodeIgniter.php(355): CodeIgniter\CodeIgniter->handleRequest(null, Object(Config\Cache), false)
 4 SYSTEMPATH\Boot.php(325): CodeIgniter\CodeIgniter->run()
 5 SYSTEMPATH\Boot.php(67): CodeIgniter\Boot::runCodeIgniter(Object(CodeIgniter\CodeIgniter))
 6 FCPATH\index.php(56): CodeIgniter\Boot::bootWeb(Object(Config\Paths))
 7 SYSTEMPATH\rewrite.php(44): require_once('C:\\xampp\\htdocs\\management\\public\\index.php')
CRITICAL - 2024-07-24 08:38:41 --> ErrorException: file_get_contents(C:\xampp\htdocs\management\/public/images/profile.png): Failed to open stream: No such file or directory
[Method: GET, Route: Generate/generate_pdf]
in APPPATH\Controllers\Generate.php on line 35.
 1 [internal function]: CodeIgniter\Debug\Exceptions->errorHandler(2, 'file_get_contents(C:\\xampp\\htdocs\\management\\/public/images/profile.png): Failed to open stream: No such file or directory', 'C:\\xampp\\htdocs\\management\\app\\Controllers\\Generate.php', 35)
 2 APPPATH\Controllers\Generate.php(35): file_get_contents('C:\\xampp\\htdocs\\management\\/public/images/profile.png')
 3 APPPATH\Controllers\Generate.php(20): App\Controllers\Generate->imageToBase64('C:\\xampp\\htdocs\\management\\/public/images/profile.png')
 4 SYSTEMPATH\CodeIgniter.php(933): App\Controllers\Generate->generate_pdf()
 5 SYSTEMPATH\CodeIgniter.php(509): CodeIgniter\CodeIgniter->runController(Object(App\Controllers\Generate))
 6 SYSTEMPATH\CodeIgniter.php(355): CodeIgniter\CodeIgniter->handleRequest(null, Object(Config\Cache), false)
 7 SYSTEMPATH\Boot.php(325): CodeIgniter\CodeIgniter->run()
 8 SYSTEMPATH\Boot.php(67): CodeIgniter\Boot::runCodeIgniter(Object(CodeIgniter\CodeIgniter))
 9 FCPATH\index.php(56): CodeIgniter\Boot::bootWeb(Object(Config\Paths))
10 SYSTEMPATH\rewrite.php(44): require_once('C:\\xampp\\htdocs\\management\\public\\index.php')
WARNING - 2024-07-24 08:38:44 --> [DEPRECATED] Creation of dynamic property App\Controllers\Generate::$parser is deprecated in APPPATH\Controllers\Generate.php on line 12.
 1 SYSTEMPATH\CodeIgniter.php(903): App\Controllers\Generate->__construct()
 2 SYSTEMPATH\CodeIgniter.php(500): CodeIgniter\CodeIgniter->createController()
 3 SYSTEMPATH\CodeIgniter.php(355): CodeIgniter\CodeIgniter->handleRequest(null, Object(Config\Cache), false)
 4 SYSTEMPATH\Boot.php(325): CodeIgniter\CodeIgniter->run()
 5 SYSTEMPATH\Boot.php(67): CodeIgniter\Boot::runCodeIgniter(Object(CodeIgniter\CodeIgniter))
 6 FCPATH\index.php(56): CodeIgniter\Boot::bootWeb(Object(Config\Paths))
 7 SYSTEMPATH\rewrite.php(44): require_once('C:\\xampp\\htdocs\\management\\public\\index.php')
CRITICAL - 2024-07-24 08:38:44 --> ErrorException: file_get_contents(C:\xampp\htdocs\management\/public/images/profile.png): Failed to open stream: No such file or directory
[Method: GET, Route: Generate/generate_pdf]
in APPPATH\Controllers\Generate.php on line 35.
 1 [internal function]: CodeIgniter\Debug\Exceptions->errorHandler(2, 'file_get_contents(C:\\xampp\\htdocs\\management\\/public/images/profile.png): Failed to open stream: No such file or directory', 'C:\\xampp\\htdocs\\management\\app\\Controllers\\Generate.php', 35)
 2 APPPATH\Controllers\Generate.php(35): file_get_contents('C:\\xampp\\htdocs\\management\\/public/images/profile.png')
 3 APPPATH\Controllers\Generate.php(20): App\Controllers\Generate->imageToBase64('C:\\xampp\\htdocs\\management\\/public/images/profile.png')
 4 SYSTEMPATH\CodeIgniter.php(933): App\Controllers\Generate->generate_pdf()
 5 SYSTEMPATH\CodeIgniter.php(509): CodeIgniter\CodeIgniter->runController(Object(App\Controllers\Generate))
 6 SYSTEMPATH\CodeIgniter.php(355): CodeIgniter\CodeIgniter->handleRequest(null, Object(Config\Cache), false)
 7 SYSTEMPATH\Boot.php(325): CodeIgniter\CodeIgniter->run()
 8 SYSTEMPATH\Boot.php(67): CodeIgniter\Boot::runCodeIgniter(Object(CodeIgniter\CodeIgniter))
 9 FCPATH\index.php(56): CodeIgniter\Boot::bootWeb(Object(Config\Paths))
10 SYSTEMPATH\rewrite.php(44): require_once('C:\\xampp\\htdocs\\management\\public\\index.php')
WARNING - 2024-07-24 08:39:01 --> [DEPRECATED] Creation of dynamic property App\Controllers\Generate::$parser is deprecated in APPPATH\Controllers\Generate.php on line 12.
 1 SYSTEMPATH\CodeIgniter.php(903): App\Controllers\Generate->__construct()
 2 SYSTEMPATH\CodeIgniter.php(500): CodeIgniter\CodeIgniter->createController()
 3 SYSTEMPATH\CodeIgniter.php(355): CodeIgniter\CodeIgniter->handleRequest(null, Object(Config\Cache), false)
 4 SYSTEMPATH\Boot.php(325): CodeIgniter\CodeIgniter->run()
 5 SYSTEMPATH\Boot.php(67): CodeIgniter\Boot::runCodeIgniter(Object(CodeIgniter\CodeIgniter))
 6 FCPATH\index.php(56): CodeIgniter\Boot::bootWeb(Object(Config\Paths))
 7 SYSTEMPATH\rewrite.php(44): require_once('C:\\xampp\\htdocs\\management\\public\\index.php')
CRITICAL - 2024-07-24 08:39:01 --> CodeIgniter\View\Exceptions\ViewException: Invalid file: "resume.php"
[Method: GET, Route: Generate/generate_pdf]
in SYSTEMPATH\Exceptions\FrameworkException.php on line 41.
 1 SYSTEMPATH\View\View.php(222): CodeIgniter\Exceptions\FrameworkException::forInvalidFile('resume.php')
 2 SYSTEMPATH\Common.php(1171): CodeIgniter\View\View->render('resume', [], true)
 3 APPPATH\Controllers\Generate.php(26): view('resume', [...])
 4 SYSTEMPATH\CodeIgniter.php(933): App\Controllers\Generate->generate_pdf()
 5 SYSTEMPATH\CodeIgniter.php(509): CodeIgniter\CodeIgniter->runController(Object(App\Controllers\Generate))
 6 SYSTEMPATH\CodeIgniter.php(355): CodeIgniter\CodeIgniter->handleRequest(null, Object(Config\Cache), false)
 7 SYSTEMPATH\Boot.php(325): CodeIgniter\CodeIgniter->run()
 8 SYSTEMPATH\Boot.php(67): CodeIgniter\Boot::runCodeIgniter(Object(CodeIgniter\CodeIgniter))
 9 FCPATH\index.php(56): CodeIgniter\Boot::bootWeb(Object(Config\Paths))
10 SYSTEMPATH\rewrite.php(44): require_once('C:\\xampp\\htdocs\\management\\public\\index.php')
WARNING - 2024-07-24 08:39:30 --> [DEPRECATED] Creation of dynamic property App\Controllers\Generate::$parser is deprecated in APPPATH\Controllers\Generate.php on line 12.
 1 SYSTEMPATH\CodeIgniter.php(903): App\Controllers\Generate->__construct()
 2 SYSTEMPATH\CodeIgniter.php(500): CodeIgniter\CodeIgniter->createController()
 3 SYSTEMPATH\CodeIgniter.php(355): CodeIgniter\CodeIgniter->handleRequest(null, Object(Config\Cache), false)
 4 SYSTEMPATH\Boot.php(325): CodeIgniter\CodeIgniter->run()
 5 SYSTEMPATH\Boot.php(67): CodeIgniter\Boot::runCodeIgniter(Object(CodeIgniter\CodeIgniter))
 6 FCPATH\index.php(56): CodeIgniter\Boot::bootWeb(Object(Config\Paths))
 7 SYSTEMPATH\rewrite.php(44): require_once('C:\\xampp\\htdocs\\management\\public\\index.php')
CRITICAL - 2024-07-24 08:39:30 --> CodeIgniter\View\Exceptions\ViewException: Invalid file: "resume.php"
[Method: GET, Route: Generate/generate_pdf]
in SYSTEMPATH\Exceptions\FrameworkException.php on line 41.
 1 SYSTEMPATH\View\View.php(222): CodeIgniter\Exceptions\FrameworkException::forInvalidFile('resume.php')
 2 SYSTEMPATH\Common.php(1171): CodeIgniter\View\View->render('resume', [], true)
 3 APPPATH\Controllers\Generate.php(26): view('resume', [...])
 4 SYSTEMPATH\CodeIgniter.php(933): App\Controllers\Generate->generate_pdf()
 5 SYSTEMPATH\CodeIgniter.php(509): CodeIgniter\CodeIgniter->runController(Object(App\Controllers\Generate))
 6 SYSTEMPATH\CodeIgniter.php(355): CodeIgniter\CodeIgniter->handleRequest(null, Object(Config\Cache), false)
 7 SYSTEMPATH\Boot.php(325): CodeIgniter\CodeIgniter->run()
 8 SYSTEMPATH\Boot.php(67): CodeIgniter\Boot::runCodeIgniter(Object(CodeIgniter\CodeIgniter))
 9 FCPATH\index.php(56): CodeIgniter\Boot::bootWeb(Object(Config\Paths))
10 SYSTEMPATH\rewrite.php(44): require_once('C:\\xampp\\htdocs\\management\\public\\index.php')
WARNING - 2024-07-24 08:39:51 --> [DEPRECATED] Creation of dynamic property App\Controllers\Generate::$parser is deprecated in APPPATH\Controllers\Generate.php on line 12.
 1 SYSTEMPATH\CodeIgniter.php(903): App\Controllers\Generate->__construct()
 2 SYSTEMPATH\CodeIgniter.php(500): CodeIgniter\CodeIgniter->createController()
 3 SYSTEMPATH\CodeIgniter.php(355): CodeIgniter\CodeIgniter->handleRequest(null, Object(Config\Cache), false)
 4 SYSTEMPATH\Boot.php(325): CodeIgniter\CodeIgniter->run()
 5 SYSTEMPATH\Boot.php(67): CodeIgniter\Boot::runCodeIgniter(Object(CodeIgniter\CodeIgniter))
 6 FCPATH\index.php(56): CodeIgniter\Boot::bootWeb(Object(Config\Paths))
 7 SYSTEMPATH\rewrite.php(44): require_once('C:\\xampp\\htdocs\\management\\public\\index.php')
WARNING - 2024-07-24 08:42:24 --> [DEPRECATED] Creation of dynamic property App\Controllers\Generate::$parser is deprecated in APPPATH\Controllers\Generate.php on line 12.
 1 SYSTEMPATH\CodeIgniter.php(903): App\Controllers\Generate->__construct()
 2 SYSTEMPATH\CodeIgniter.php(500): CodeIgniter\CodeIgniter->createController()
 3 SYSTEMPATH\CodeIgniter.php(355): CodeIgniter\CodeIgniter->handleRequest(null, Object(Config\Cache), false)
 4 SYSTEMPATH\Boot.php(325): CodeIgniter\CodeIgniter->run()
 5 SYSTEMPATH\Boot.php(67): CodeIgniter\Boot::runCodeIgniter(Object(CodeIgniter\CodeIgniter))
 6 FCPATH\index.php(56): CodeIgniter\Boot::bootWeb(Object(Config\Paths))
 7 SYSTEMPATH\rewrite.php(44): require_once('C:\\xampp\\htdocs\\management\\public\\index.php')
WARNING - 2024-07-24 08:43:02 --> [DEPRECATED] Creation of dynamic property App\Controllers\Generate::$parser is deprecated in APPPATH\Controllers\Generate.php on line 12.
 1 SYSTEMPATH\CodeIgniter.php(903): App\Controllers\Generate->__construct()
 2 SYSTEMPATH\CodeIgniter.php(500): CodeIgniter\CodeIgniter->createController()
 3 SYSTEMPATH\CodeIgniter.php(355): CodeIgniter\CodeIgniter->handleRequest(null, Object(Config\Cache), false)
 4 SYSTEMPATH\Boot.php(325): CodeIgniter\CodeIgniter->run()
 5 SYSTEMPATH\Boot.php(67): CodeIgniter\Boot::runCodeIgniter(Object(CodeIgniter\CodeIgniter))
 6 FCPATH\index.php(56): CodeIgniter\Boot::bootWeb(Object(Config\Paths))
 7 SYSTEMPATH\rewrite.php(44): require_once('C:\\xampp\\htdocs\\management\\public\\index.php')
CRITICAL - 2024-07-24 08:43:02 --> TypeError: Cannot access offset of type string on string
[Method: GET, Route: Generate/generate_pdf]
in VENDORPATH\dompdf\dompdf\src\Adapter\CPDF.php on line 984.
 1 VENDORPATH\dompdf\dompdf\src\Dompdf.php(933): Dompdf\Adapter\CPDF->output('resume.pdf')
 2 APPPATH\Controllers\Generate.php(29): Dompdf\Dompdf->output('resume.pdf', [...])
 3 SYSTEMPATH\CodeIgniter.php(933): App\Controllers\Generate->generate_pdf()
 4 SYSTEMPATH\CodeIgniter.php(509): CodeIgniter\CodeIgniter->runController(Object(App\Controllers\Generate))
 5 SYSTEMPATH\CodeIgniter.php(355): CodeIgniter\CodeIgniter->handleRequest(null, Object(Config\Cache), false)
 6 SYSTEMPATH\Boot.php(325): CodeIgniter\CodeIgniter->run()
 7 SYSTEMPATH\Boot.php(67): CodeIgniter\Boot::runCodeIgniter(Object(CodeIgniter\CodeIgniter))
 8 FCPATH\index.php(56): CodeIgniter\Boot::bootWeb(Object(Config\Paths))
 9 SYSTEMPATH\rewrite.php(44): require_once('C:\\xampp\\htdocs\\management\\public\\index.php')
WARNING - 2024-07-24 08:43:34 --> [DEPRECATED] Creation of dynamic property App\Controllers\Generate::$parser is deprecated in APPPATH\Controllers\Generate.php on line 12.
 1 SYSTEMPATH\CodeIgniter.php(903): App\Controllers\Generate->__construct()
 2 SYSTEMPATH\CodeIgniter.php(500): CodeIgniter\CodeIgniter->createController()
 3 SYSTEMPATH\CodeIgniter.php(355): CodeIgniter\CodeIgniter->handleRequest(null, Object(Config\Cache), false)
 4 SYSTEMPATH\Boot.php(325): CodeIgniter\CodeIgniter->run()
 5 SYSTEMPATH\Boot.php(67): CodeIgniter\Boot::runCodeIgniter(Object(CodeIgniter\CodeIgniter))
 6 FCPATH\index.php(56): CodeIgniter\Boot::bootWeb(Object(Config\Paths))
 7 SYSTEMPATH\rewrite.php(44): require_once('C:\\xampp\\htdocs\\management\\public\\index.php')
CRITICAL - 2024-07-24 08:43:34 --> TypeError: Cannot access offset of type string on string
[Method: GET, Route: Generate/generate_pdf]
in VENDORPATH\dompdf\dompdf\src\Adapter\CPDF.php on line 984.
 1 VENDORPATH\dompdf\dompdf\src\Dompdf.php(933): Dompdf\Adapter\CPDF->output('/public/resume.pdf')
 2 APPPATH\Controllers\Generate.php(29): Dompdf\Dompdf->output('/public/resume.pdf', 'I')
 3 SYSTEMPATH\CodeIgniter.php(933): App\Controllers\Generate->generate_pdf()
 4 SYSTEMPATH\CodeIgniter.php(509): CodeIgniter\CodeIgniter->runController(Object(App\Controllers\Generate))
 5 SYSTEMPATH\CodeIgniter.php(355): CodeIgniter\CodeIgniter->handleRequest(null, Object(Config\Cache), false)
 6 SYSTEMPATH\Boot.php(325): CodeIgniter\CodeIgniter->run()
 7 SYSTEMPATH\Boot.php(67): CodeIgniter\Boot::runCodeIgniter(Object(CodeIgniter\CodeIgniter))
 8 FCPATH\index.php(56): CodeIgniter\Boot::bootWeb(Object(Config\Paths))
 9 SYSTEMPATH\rewrite.php(44): require_once('C:\\xampp\\htdocs\\management\\public\\index.php')
WARNING - 2024-07-24 09:29:44 --> [DEPRECATED] Creation of dynamic property App\Controllers\Generate::$parser is deprecated in APPPATH\Controllers\Generate.php on line 12.
 1 SYSTEMPATH\CodeIgniter.php(903): App\Controllers\Generate->__construct()
 2 SYSTEMPATH\CodeIgniter.php(500): CodeIgniter\CodeIgniter->createController()
 3 SYSTEMPATH\CodeIgniter.php(355): CodeIgniter\CodeIgniter->handleRequest(null, Object(Config\Cache), false)
 4 SYSTEMPATH\Boot.php(325): CodeIgniter\CodeIgniter->run()
 5 SYSTEMPATH\Boot.php(67): CodeIgniter\Boot::runCodeIgniter(Object(CodeIgniter\CodeIgniter))
 6 FCPATH\index.php(56): CodeIgniter\Boot::bootWeb(Object(Config\Paths))
 7 SYSTEMPATH\rewrite.php(44): require_once('C:\\xampp\\htdocs\\management\\public\\index.php')
CRITICAL - 2024-07-24 09:29:45 --> Error: Call to undefined method Dompdf\Dompdf::SetTitle()
[Method: GET, Route: Generate/generate_pdf]
in APPPATH\Controllers\Generate.php on line 28.
 1 SYSTEMPATH\CodeIgniter.php(933): App\Controllers\Generate->generate_pdf()
 2 SYSTEMPATH\CodeIgniter.php(509): CodeIgniter\CodeIgniter->runController(Object(App\Controllers\Generate))
 3 SYSTEMPATH\CodeIgniter.php(355): CodeIgniter\CodeIgniter->handleRequest(null, Object(Config\Cache), false)
 4 SYSTEMPATH\Boot.php(325): CodeIgniter\CodeIgniter->run()
 5 SYSTEMPATH\Boot.php(67): CodeIgniter\Boot::runCodeIgniter(Object(CodeIgniter\CodeIgniter))
 6 FCPATH\index.php(56): CodeIgniter\Boot::bootWeb(Object(Config\Paths))
 7 SYSTEMPATH\rewrite.php(44): require_once('C:\\xampp\\htdocs\\management\\public\\index.php')
WARNING - 2024-07-24 09:30:43 --> [DEPRECATED] Creation of dynamic property App\Controllers\Generate::$parser is deprecated in APPPATH\Controllers\Generate.php on line 12.
 1 SYSTEMPATH\CodeIgniter.php(903): App\Controllers\Generate->__construct()
 2 SYSTEMPATH\CodeIgniter.php(500): CodeIgniter\CodeIgniter->createController()
 3 SYSTEMPATH\CodeIgniter.php(355): CodeIgniter\CodeIgniter->handleRequest(null, Object(Config\Cache), false)
 4 SYSTEMPATH\Boot.php(325): CodeIgniter\CodeIgniter->run()
 5 SYSTEMPATH\Boot.php(67): CodeIgniter\Boot::runCodeIgniter(Object(CodeIgniter\CodeIgniter))
 6 FCPATH\index.php(56): CodeIgniter\Boot::bootWeb(Object(Config\Paths))
 7 SYSTEMPATH\rewrite.php(44): require_once('C:\\xampp\\htdocs\\management\\public\\index.php')
CRITICAL - 2024-07-24 09:30:43 --> Error: Call to undefined method Dompdf\Dompdf::SetTitle()
[Method: GET, Route: Generate/generate_pdf]
in APPPATH\Controllers\Generate.php on line 27.
 1 SYSTEMPATH\CodeIgniter.php(933): App\Controllers\Generate->generate_pdf()
 2 SYSTEMPATH\CodeIgniter.php(509): CodeIgniter\CodeIgniter->runController(Object(App\Controllers\Generate))
 3 SYSTEMPATH\CodeIgniter.php(355): CodeIgniter\CodeIgniter->handleRequest(null, Object(Config\Cache), false)
 4 SYSTEMPATH\Boot.php(325): CodeIgniter\CodeIgniter->run()
 5 SYSTEMPATH\Boot.php(67): CodeIgniter\Boot::runCodeIgniter(Object(CodeIgniter\CodeIgniter))
 6 FCPATH\index.php(56): CodeIgniter\Boot::bootWeb(Object(Config\Paths))
 7 SYSTEMPATH\rewrite.php(44): require_once('C:\\xampp\\htdocs\\management\\public\\index.php')
WARNING - 2024-07-24 09:31:53 --> [DEPRECATED] Creation of dynamic property App\Controllers\Generate::$parser is deprecated in APPPATH\Controllers\Generate.php on line 12.
 1 SYSTEMPATH\CodeIgniter.php(903): App\Controllers\Generate->__construct()
 2 SYSTEMPATH\CodeIgniter.php(500): CodeIgniter\CodeIgniter->createController()
 3 SYSTEMPATH\CodeIgniter.php(355): CodeIgniter\CodeIgniter->handleRequest(null, Object(Config\Cache), false)
 4 SYSTEMPATH\Boot.php(325): CodeIgniter\CodeIgniter->run()
 5 SYSTEMPATH\Boot.php(67): CodeIgniter\Boot::runCodeIgniter(Object(CodeIgniter\CodeIgniter))
 6 FCPATH\index.php(56): CodeIgniter\Boot::bootWeb(Object(Config\Paths))
 7 SYSTEMPATH\rewrite.php(44): require_once('C:\\xampp\\htdocs\\management\\public\\index.php')
CRITICAL - 2024-07-24 09:31:53 --> TypeError: Cannot access offset of type string on string
[Method: GET, Route: Generate/generate_pdf]
in VENDORPATH\dompdf\dompdf\src\Adapter\CPDF.php on line 984.
 1 VENDORPATH\dompdf\dompdf\src\Dompdf.php(933): Dompdf\Adapter\CPDF->output('/public/resume.pdf')
 2 APPPATH\Controllers\Generate.php(37): Dompdf\Dompdf->output('/public/resume.pdf', 'I')
 3 SYSTEMPATH\CodeIgniter.php(933): App\Controllers\Generate->generate_pdf()
 4 SYSTEMPATH\CodeIgniter.php(509): CodeIgniter\CodeIgniter->runController(Object(App\Controllers\Generate))
 5 SYSTEMPATH\CodeIgniter.php(355): CodeIgniter\CodeIgniter->handleRequest(null, Object(Config\Cache), false)
 6 SYSTEMPATH\Boot.php(325): CodeIgniter\CodeIgniter->run()
 7 SYSTEMPATH\Boot.php(67): CodeIgniter\Boot::runCodeIgniter(Object(CodeIgniter\CodeIgniter))
 8 FCPATH\index.php(56): CodeIgniter\Boot::bootWeb(Object(Config\Paths))
 9 SYSTEMPATH\rewrite.php(44): require_once('C:\\xampp\\htdocs\\management\\public\\index.php')
WARNING - 2024-07-24 09:32:44 --> [DEPRECATED] Creation of dynamic property App\Controllers\Generate::$parser is deprecated in APPPATH\Controllers\Generate.php on line 12.
 1 SYSTEMPATH\CodeIgniter.php(903): App\Controllers\Generate->__construct()
 2 SYSTEMPATH\CodeIgniter.php(500): CodeIgniter\CodeIgniter->createController()
 3 SYSTEMPATH\CodeIgniter.php(355): CodeIgniter\CodeIgniter->handleRequest(null, Object(Config\Cache), false)
 4 SYSTEMPATH\Boot.php(325): CodeIgniter\CodeIgniter->run()
 5 SYSTEMPATH\Boot.php(67): CodeIgniter\Boot::runCodeIgniter(Object(CodeIgniter\CodeIgniter))
 6 FCPATH\index.php(56): CodeIgniter\Boot::bootWeb(Object(Config\Paths))
 7 SYSTEMPATH\rewrite.php(44): require_once('C:\\xampp\\htdocs\\management\\public\\index.php')
CRITICAL - 2024-07-24 09:32:44 --> Error: Call to undefined method App\Libraries\Pdf::SetTitle()
[Method: GET, Route: Generate/generate_pdf]
in APPPATH\Controllers\Generate.php on line 20.
 1 SYSTEMPATH\CodeIgniter.php(933): App\Controllers\Generate->generate_pdf()
 2 SYSTEMPATH\CodeIgniter.php(509): CodeIgniter\CodeIgniter->runController(Object(App\Controllers\Generate))
 3 SYSTEMPATH\CodeIgniter.php(355): CodeIgniter\CodeIgniter->handleRequest(null, Object(Config\Cache), false)
 4 SYSTEMPATH\Boot.php(325): CodeIgniter\CodeIgniter->run()
 5 SYSTEMPATH\Boot.php(67): CodeIgniter\Boot::runCodeIgniter(Object(CodeIgniter\CodeIgniter))
 6 FCPATH\index.php(56): CodeIgniter\Boot::bootWeb(Object(Config\Paths))
 7 SYSTEMPATH\rewrite.php(44): require_once('C:\\xampp\\htdocs\\management\\public\\index.php')
WARNING - 2024-07-24 09:32:58 --> [DEPRECATED] Creation of dynamic property App\Controllers\Generate::$parser is deprecated in APPPATH\Controllers\Generate.php on line 12.
 1 SYSTEMPATH\CodeIgniter.php(903): App\Controllers\Generate->__construct()
 2 SYSTEMPATH\CodeIgniter.php(500): CodeIgniter\CodeIgniter->createController()
 3 SYSTEMPATH\CodeIgniter.php(355): CodeIgniter\CodeIgniter->handleRequest(null, Object(Config\Cache), false)
 4 SYSTEMPATH\Boot.php(325): CodeIgniter\CodeIgniter->run()
 5 SYSTEMPATH\Boot.php(67): CodeIgniter\Boot::runCodeIgniter(Object(CodeIgniter\CodeIgniter))
 6 FCPATH\index.php(56): CodeIgniter\Boot::bootWeb(Object(Config\Paths))
 7 SYSTEMPATH\rewrite.php(44): require_once('C:\\xampp\\htdocs\\management\\public\\index.php')
CRITICAL - 2024-07-24 09:32:58 --> Error: Call to undefined method Dompdf\Dompdf::SetTitle()
[Method: GET, Route: Generate/generate_pdf]
in APPPATH\Controllers\Generate.php on line 20.
 1 SYSTEMPATH\CodeIgniter.php(933): App\Controllers\Generate->generate_pdf()
 2 SYSTEMPATH\CodeIgniter.php(509): CodeIgniter\CodeIgniter->runController(Object(App\Controllers\Generate))
 3 SYSTEMPATH\CodeIgniter.php(355): CodeIgniter\CodeIgniter->handleRequest(null, Object(Config\Cache), false)
 4 SYSTEMPATH\Boot.php(325): CodeIgniter\CodeIgniter->run()
 5 SYSTEMPATH\Boot.php(67): CodeIgniter\Boot::runCodeIgniter(Object(CodeIgniter\CodeIgniter))
 6 FCPATH\index.php(56): CodeIgniter\Boot::bootWeb(Object(Config\Paths))
 7 SYSTEMPATH\rewrite.php(44): require_once('C:\\xampp\\htdocs\\management\\public\\index.php')
WARNING - 2024-07-24 09:34:48 --> [DEPRECATED] Creation of dynamic property App\Controllers\Generate::$parser is deprecated in APPPATH\Controllers\Generate.php on line 12.
 1 SYSTEMPATH\CodeIgniter.php(903): App\Controllers\Generate->__construct()
 2 SYSTEMPATH\CodeIgniter.php(500): CodeIgniter\CodeIgniter->createController()
 3 SYSTEMPATH\CodeIgniter.php(355): CodeIgniter\CodeIgniter->handleRequest(null, Object(Config\Cache), false)
 4 SYSTEMPATH\Boot.php(325): CodeIgniter\CodeIgniter->run()
 5 SYSTEMPATH\Boot.php(67): CodeIgniter\Boot::runCodeIgniter(Object(CodeIgniter\CodeIgniter))
 6 FCPATH\index.php(56): CodeIgniter\Boot::bootWeb(Object(Config\Paths))
 7 SYSTEMPATH\rewrite.php(44): require_once('C:\\xampp\\htdocs\\management\\public\\index.php')
CRITICAL - 2024-07-24 09:34:49 --> Error: Class "App\Controllers\Storage" not found
[Method: GET, Route: Generate/generate_pdf]
in APPPATH\Controllers\Generate.php on line 32.
 1 SYSTEMPATH\CodeIgniter.php(933): App\Controllers\Generate->generate_pdf()
 2 SYSTEMPATH\CodeIgniter.php(509): CodeIgniter\CodeIgniter->runController(Object(App\Controllers\Generate))
 3 SYSTEMPATH\CodeIgniter.php(355): CodeIgniter\CodeIgniter->handleRequest(null, Object(Config\Cache), false)
 4 SYSTEMPATH\Boot.php(325): CodeIgniter\CodeIgniter->run()
 5 SYSTEMPATH\Boot.php(67): CodeIgniter\Boot::runCodeIgniter(Object(CodeIgniter\CodeIgniter))
 6 FCPATH\index.php(56): CodeIgniter\Boot::bootWeb(Object(Config\Paths))
 7 SYSTEMPATH\rewrite.php(44): require_once('C:\\xampp\\htdocs\\management\\public\\index.php')
WARNING - 2024-07-24 09:38:49 --> [DEPRECATED] Creation of dynamic property App\Controllers\Generate::$parser is deprecated in APPPATH\Controllers\Generate.php on line 12.
 1 SYSTEMPATH\CodeIgniter.php(903): App\Controllers\Generate->__construct()
 2 SYSTEMPATH\CodeIgniter.php(500): CodeIgniter\CodeIgniter->createController()
 3 SYSTEMPATH\CodeIgniter.php(355): CodeIgniter\CodeIgniter->handleRequest(null, Object(Config\Cache), false)
 4 SYSTEMPATH\Boot.php(325): CodeIgniter\CodeIgniter->run()
 5 SYSTEMPATH\Boot.php(67): CodeIgniter\Boot::runCodeIgniter(Object(CodeIgniter\CodeIgniter))
 6 FCPATH\index.php(56): CodeIgniter\Boot::bootWeb(Object(Config\Paths))
 7 SYSTEMPATH\rewrite.php(44): require_once('C:\\xampp\\htdocs\\management\\public\\index.php')
CRITICAL - 2024-07-24 09:38:49 --> Error: Class "App\Controllers\File" not found
[Method: GET, Route: Generate/generate_pdf]
in APPPATH\Controllers\Generate.php on line 33.
 1 SYSTEMPATH\CodeIgniter.php(933): App\Controllers\Generate->generate_pdf()
 2 SYSTEMPATH\CodeIgniter.php(509): CodeIgniter\CodeIgniter->runController(Object(App\Controllers\Generate))
 3 SYSTEMPATH\CodeIgniter.php(355): CodeIgniter\CodeIgniter->handleRequest(null, Object(Config\Cache), false)
 4 SYSTEMPATH\Boot.php(325): CodeIgniter\CodeIgniter->run()
 5 SYSTEMPATH\Boot.php(67): CodeIgniter\Boot::runCodeIgniter(Object(CodeIgniter\CodeIgniter))
 6 FCPATH\index.php(56): CodeIgniter\Boot::bootWeb(Object(Config\Paths))
 7 SYSTEMPATH\rewrite.php(44): require_once('C:\\xampp\\htdocs\\management\\public\\index.php')
WARNING - 2024-07-24 09:39:41 --> [DEPRECATED] Creation of dynamic property App\Controllers\Generate::$parser is deprecated in APPPATH\Controllers\Generate.php on line 13.
 1 SYSTEMPATH\CodeIgniter.php(903): App\Controllers\Generate->__construct()
 2 SYSTEMPATH\CodeIgniter.php(500): CodeIgniter\CodeIgniter->createController()
 3 SYSTEMPATH\CodeIgniter.php(355): CodeIgniter\CodeIgniter->handleRequest(null, Object(Config\Cache), false)
 4 SYSTEMPATH\Boot.php(325): CodeIgniter\CodeIgniter->run()
 5 SYSTEMPATH\Boot.php(67): CodeIgniter\Boot::runCodeIgniter(Object(CodeIgniter\CodeIgniter))
 6 FCPATH\index.php(56): CodeIgniter\Boot::bootWeb(Object(Config\Paths))
 7 SYSTEMPATH\rewrite.php(44): require_once('C:\\xampp\\htdocs\\management\\public\\index.php')
CRITICAL - 2024-07-24 09:39:41 --> Error: Class "App\Controllers\File" not found
[Method: GET, Route: Generate/generate_pdf]
in APPPATH\Controllers\Generate.php on line 34.
 1 SYSTEMPATH\CodeIgniter.php(933): App\Controllers\Generate->generate_pdf()
 2 SYSTEMPATH\CodeIgniter.php(509): CodeIgniter\CodeIgniter->runController(Object(App\Controllers\Generate))
 3 SYSTEMPATH\CodeIgniter.php(355): CodeIgniter\CodeIgniter->handleRequest(null, Object(Config\Cache), false)
 4 SYSTEMPATH\Boot.php(325): CodeIgniter\CodeIgniter->run()
 5 SYSTEMPATH\Boot.php(67): CodeIgniter\Boot::runCodeIgniter(Object(CodeIgniter\CodeIgniter))
 6 FCPATH\index.php(56): CodeIgniter\Boot::bootWeb(Object(Config\Paths))
 7 SYSTEMPATH\rewrite.php(44): require_once('C:\\xampp\\htdocs\\management\\public\\index.php')
WARNING - 2024-07-24 09:41:02 --> [DEPRECATED] Creation of dynamic property App\Controllers\Generate::$parser is deprecated in APPPATH\Controllers\Generate.php on line 13.
 1 SYSTEMPATH\CodeIgniter.php(903): App\Controllers\Generate->__construct()
 2 SYSTEMPATH\CodeIgniter.php(500): CodeIgniter\CodeIgniter->createController()
 3 SYSTEMPATH\CodeIgniter.php(355): CodeIgniter\CodeIgniter->handleRequest(null, Object(Config\Cache), false)
 4 SYSTEMPATH\Boot.php(325): CodeIgniter\CodeIgniter->run()
 5 SYSTEMPATH\Boot.php(67): CodeIgniter\Boot::runCodeIgniter(Object(CodeIgniter\CodeIgniter))
 6 FCPATH\index.php(56): CodeIgniter\Boot::bootWeb(Object(Config\Paths))
 7 SYSTEMPATH\rewrite.php(44): require_once('C:\\xampp\\htdocs\\management\\public\\index.php')
CRITICAL - 2024-07-24 09:41:02 --> Error: Call to undefined method CodeIgniter\Files\File::write()
[Method: GET, Route: Generate/generate_pdf]
in APPPATH\Controllers\Generate.php on line 35.
 1 SYSTEMPATH\CodeIgniter.php(933): App\Controllers\Generate->generate_pdf()
 2 SYSTEMPATH\CodeIgniter.php(509): CodeIgniter\CodeIgniter->runController(Object(App\Controllers\Generate))
 3 SYSTEMPATH\CodeIgniter.php(355): CodeIgniter\CodeIgniter->handleRequest(null, Object(Config\Cache), false)
 4 SYSTEMPATH\Boot.php(325): CodeIgniter\CodeIgniter->run()
 5 SYSTEMPATH\Boot.php(67): CodeIgniter\Boot::runCodeIgniter(Object(CodeIgniter\CodeIgniter))
 6 FCPATH\index.php(56): CodeIgniter\Boot::bootWeb(Object(Config\Paths))
 7 SYSTEMPATH\rewrite.php(44): require_once('C:\\xampp\\htdocs\\management\\public\\index.php')
WARNING - 2024-07-24 09:41:17 --> [DEPRECATED] Creation of dynamic property App\Controllers\Generate::$parser is deprecated in APPPATH\Controllers\Generate.php on line 13.
 1 SYSTEMPATH\CodeIgniter.php(903): App\Controllers\Generate->__construct()
 2 SYSTEMPATH\CodeIgniter.php(500): CodeIgniter\CodeIgniter->createController()
 3 SYSTEMPATH\CodeIgniter.php(355): CodeIgniter\CodeIgniter->handleRequest(null, Object(Config\Cache), false)
 4 SYSTEMPATH\Boot.php(325): CodeIgniter\CodeIgniter->run()
 5 SYSTEMPATH\Boot.php(67): CodeIgniter\Boot::runCodeIgniter(Object(CodeIgniter\CodeIgniter))
 6 FCPATH\index.php(56): CodeIgniter\Boot::bootWeb(Object(Config\Paths))
 7 SYSTEMPATH\rewrite.php(44): require_once('C:\\xampp\\htdocs\\management\\public\\index.php')
CRITICAL - 2024-07-24 09:41:18 --> Error: Class "App\Controllers\File" not found
[Method: GET, Route: Generate/generate_pdf]
in APPPATH\Controllers\Generate.php on line 34.
 1 SYSTEMPATH\CodeIgniter.php(933): App\Controllers\Generate->generate_pdf()
 2 SYSTEMPATH\CodeIgniter.php(509): CodeIgniter\CodeIgniter->runController(Object(App\Controllers\Generate))
 3 SYSTEMPATH\CodeIgniter.php(355): CodeIgniter\CodeIgniter->handleRequest(null, Object(Config\Cache), false)
 4 SYSTEMPATH\Boot.php(325): CodeIgniter\CodeIgniter->run()
 5 SYSTEMPATH\Boot.php(67): CodeIgniter\Boot::runCodeIgniter(Object(CodeIgniter\CodeIgniter))
 6 FCPATH\index.php(56): CodeIgniter\Boot::bootWeb(Object(Config\Paths))
 7 SYSTEMPATH\rewrite.php(44): require_once('C:\\xampp\\htdocs\\management\\public\\index.php')
WARNING - 2024-07-24 09:50:08 --> [DEPRECATED] Creation of dynamic property App\Controllers\Generate::$parser is deprecated in APPPATH\Controllers\Generate.php on line 12.
 1 SYSTEMPATH\CodeIgniter.php(903): App\Controllers\Generate->__construct()
 2 SYSTEMPATH\CodeIgniter.php(500): CodeIgniter\CodeIgniter->createController()
 3 SYSTEMPATH\CodeIgniter.php(355): CodeIgniter\CodeIgniter->handleRequest(null, Object(Config\Cache), false)
 4 SYSTEMPATH\Boot.php(325): CodeIgniter\CodeIgniter->run()
 5 SYSTEMPATH\Boot.php(67): CodeIgniter\Boot::runCodeIgniter(Object(CodeIgniter\CodeIgniter))
 6 FCPATH\index.php(56): CodeIgniter\Boot::bootWeb(Object(Config\Paths))
 7 SYSTEMPATH\rewrite.php(44): require_once('C:\\xampp\\htdocs\\management\\public\\index.php')
CRITICAL - 2024-07-24 09:50:09 --> Error: Class "App\Controllers\File" not found
[Method: GET, Route: Generate/generate_pdf]
in APPPATH\Controllers\Generate.php on line 33.
 1 SYSTEMPATH\CodeIgniter.php(933): App\Controllers\Generate->generate_pdf()
 2 SYSTEMPATH\CodeIgniter.php(509): CodeIgniter\CodeIgniter->runController(Object(App\Controllers\Generate))
 3 SYSTEMPATH\CodeIgniter.php(355): CodeIgniter\CodeIgniter->handleRequest(null, Object(Config\Cache), false)
 4 SYSTEMPATH\Boot.php(325): CodeIgniter\CodeIgniter->run()
 5 SYSTEMPATH\Boot.php(67): CodeIgniter\Boot::runCodeIgniter(Object(CodeIgniter\CodeIgniter))
 6 FCPATH\index.php(56): CodeIgniter\Boot::bootWeb(Object(Config\Paths))
 7 SYSTEMPATH\rewrite.php(44): require_once('C:\\xampp\\htdocs\\management\\public\\index.php')
WARNING - 2024-07-24 09:55:07 --> [DEPRECATED] Creation of dynamic property App\Controllers\Generate::$parser is deprecated in APPPATH\Controllers\Generate.php on line 13.
 1 SYSTEMPATH\CodeIgniter.php(903): App\Controllers\Generate->__construct()
 2 SYSTEMPATH\CodeIgniter.php(500): CodeIgniter\CodeIgniter->createController()
 3 SYSTEMPATH\CodeIgniter.php(355): CodeIgniter\CodeIgniter->handleRequest(null, Object(Config\Cache), false)
 4 SYSTEMPATH\Boot.php(325): CodeIgniter\CodeIgniter->run()
 5 SYSTEMPATH\Boot.php(67): CodeIgniter\Boot::runCodeIgniter(Object(CodeIgniter\CodeIgniter))
 6 FCPATH\index.php(56): CodeIgniter\Boot::bootWeb(Object(Config\Paths))
 7 SYSTEMPATH\rewrite.php(44): require_once('C:\\xampp\\htdocs\\management\\public\\index.php')
WARNING - 2024-07-24 09:55:38 --> [DEPRECATED] Creation of dynamic property App\Controllers\Generate::$parser is deprecated in APPPATH\Controllers\Generate.php on line 13.
 1 SYSTEMPATH\CodeIgniter.php(903): App\Controllers\Generate->__construct()
 2 SYSTEMPATH\CodeIgniter.php(500): CodeIgniter\CodeIgniter->createController()
 3 SYSTEMPATH\CodeIgniter.php(355): CodeIgniter\CodeIgniter->handleRequest(null, Object(Config\Cache), false)
 4 SYSTEMPATH\Boot.php(325): CodeIgniter\CodeIgniter->run()
 5 SYSTEMPATH\Boot.php(67): CodeIgniter\Boot::runCodeIgniter(Object(CodeIgniter\CodeIgniter))
 6 FCPATH\index.php(56): CodeIgniter\Boot::bootWeb(Object(Config\Paths))
 7 SYSTEMPATH\rewrite.php(44): require_once('C:\\xampp\\htdocs\\management\\public\\index.php')
WARNING - 2024-07-24 09:57:25 --> [DEPRECATED] Creation of dynamic property App\Controllers\Generate::$parser is deprecated in APPPATH\Controllers\Generate.php on line 13.
 1 SYSTEMPATH\CodeIgniter.php(903): App\Controllers\Generate->__construct()
 2 SYSTEMPATH\CodeIgniter.php(500): CodeIgniter\CodeIgniter->createController()
 3 SYSTEMPATH\CodeIgniter.php(355): CodeIgniter\CodeIgniter->handleRequest(null, Object(Config\Cache), false)
 4 SYSTEMPATH\Boot.php(325): CodeIgniter\CodeIgniter->run()
 5 SYSTEMPATH\Boot.php(67): CodeIgniter\Boot::runCodeIgniter(Object(CodeIgniter\CodeIgniter))
 6 FCPATH\index.php(56): CodeIgniter\Boot::bootWeb(Object(Config\Paths))
 7 SYSTEMPATH\rewrite.php(44): require_once('C:\\xampp\\htdocs\\management\\public\\index.php')
WARNING - 2024-07-24 09:58:08 --> [DEPRECATED] Creation of dynamic property App\Controllers\Generate::$parser is deprecated in APPPATH\Controllers\Generate.php on line 13.
 1 SYSTEMPATH\CodeIgniter.php(903): App\Controllers\Generate->__construct()
 2 SYSTEMPATH\CodeIgniter.php(500): CodeIgniter\CodeIgniter->createController()
 3 SYSTEMPATH\CodeIgniter.php(355): CodeIgniter\CodeIgniter->handleRequest(null, Object(Config\Cache), false)
 4 SYSTEMPATH\Boot.php(325): CodeIgniter\CodeIgniter->run()
 5 SYSTEMPATH\Boot.php(67): CodeIgniter\Boot::runCodeIgniter(Object(CodeIgniter\CodeIgniter))
 6 FCPATH\index.php(56): CodeIgniter\Boot::bootWeb(Object(Config\Paths))
 7 SYSTEMPATH\rewrite.php(44): require_once('C:\\xampp\\htdocs\\management\\public\\index.php')
