WARNING - 2024-08-16 20:42:39 --> [DEPRECATED] Creation of dynamic property App\Controllers\Api\Management\ReportController::$parser is deprecated in APPPATH\Controllers\Api\Management\ReportController.php on line 17.
 1 SYSTEMPATH\CodeIgniter.php(903): App\Controllers\Api\Management\ReportController->__construct()
 2 SYSTEMPATH\CodeIgniter.php(500): CodeIgniter\CodeIgniter->createController()
 3 SYSTEMPATH\CodeIgniter.php(355): CodeIgniter\CodeIgniter->handleRequest(null, Object(Config\Cache), false)
 4 SYSTEMPATH\Boot.php(325): CodeIgniter\CodeIgniter->run()
 5 SYSTEMPATH\Boot.php(67): CodeIgniter\Boot::runCodeIgniter(Object(CodeIgniter\CodeIgniter))
 6 FCPATH\index.php(56): CodeIgniter\Boot::bootWeb(Object(Config\Paths))
 7 SYSTEMPATH\rewrite.php(44): require_once('C:\\xampp\\htdocs\\management\\public\\index.php')
WARNING - 2024-08-16 20:48:44 --> [DEPRECATED] Creation of dynamic property App\Controllers\Api\Management\ReportController::$parser is deprecated in APPPATH\Controllers\Api\Management\ReportController.php on line 17.
 1 SYSTEMPATH\CodeIgniter.php(903): App\Controllers\Api\Management\ReportController->__construct()
 2 SYSTEMPATH\CodeIgniter.php(500): CodeIgniter\CodeIgniter->createController()
 3 SYSTEMPATH\CodeIgniter.php(355): CodeIgniter\CodeIgniter->handleRequest(null, Object(Config\Cache), false)
 4 SYSTEMPATH\Boot.php(325): CodeIgniter\CodeIgniter->run()
 5 SYSTEMPATH\Boot.php(67): CodeIgniter\Boot::runCodeIgniter(Object(CodeIgniter\CodeIgniter))
 6 FCPATH\index.php(56): CodeIgniter\Boot::bootWeb(Object(Config\Paths))
 7 SYSTEMPATH\rewrite.php(44): require_once('C:\\xampp\\htdocs\\management\\public\\index.php')
WARNING - 2024-08-16 20:48:52 --> [DEPRECATED] Creation of dynamic property App\Controllers\Api\Management\ReportController::$parser is deprecated in APPPATH\Controllers\Api\Management\ReportController.php on line 17.
 1 SYSTEMPATH\CodeIgniter.php(903): App\Controllers\Api\Management\ReportController->__construct()
 2 SYSTEMPATH\CodeIgniter.php(500): CodeIgniter\CodeIgniter->createController()
 3 SYSTEMPATH\CodeIgniter.php(355): CodeIgniter\CodeIgniter->handleRequest(null, Object(Config\Cache), false)
 4 SYSTEMPATH\Boot.php(325): CodeIgniter\CodeIgniter->run()
 5 SYSTEMPATH\Boot.php(67): CodeIgniter\Boot::runCodeIgniter(Object(CodeIgniter\CodeIgniter))
 6 FCPATH\index.php(56): CodeIgniter\Boot::bootWeb(Object(Config\Paths))
 7 SYSTEMPATH\rewrite.php(44): require_once('C:\\xampp\\htdocs\\management\\public\\index.php')
CRITICAL - 2024-08-16 20:48:52 --> ErrorException: Undefined array key "type_name"
[Method: POST, Route: api/management/report/keyAvalible]
in APPPATH\Views\report\filter_data.php on line 53.
 1 APPPATH\Views\report\filter_data.php(53): CodeIgniter\Debug\Exceptions->errorHandler(2, 'Undefined array key "type_name"', 'C:\\xampp\\htdocs\\management\\app\\Views\\report\\filter_data.php', 53)
 2 SYSTEMPATH\View\View.php(234): include('C:\\xampp\\htdocs\\management\\app\\Views\\report\\filter_data.php')
 3 SYSTEMPATH\View\View.php(237): CodeIgniter\View\View->CodeIgniter\View\{closure}()
 4 SYSTEMPATH\Common.php(1171): CodeIgniter\View\View->render('report/filter_data', [], true)
 5 APPPATH\Controllers\Api\Management\ReportController.php(418): view('report/filter_data', [...])
 6 SYSTEMPATH\CodeIgniter.php(933): App\Controllers\Api\Management\ReportController->keyAvalible()
 7 SYSTEMPATH\CodeIgniter.php(509): CodeIgniter\CodeIgniter->runController(Object(App\Controllers\Api\Management\ReportController))
 8 SYSTEMPATH\CodeIgniter.php(355): CodeIgniter\CodeIgniter->handleRequest(null, Object(Config\Cache), false)
 9 SYSTEMPATH\Boot.php(325): CodeIgniter\CodeIgniter->run()
10 SYSTEMPATH\Boot.php(67): CodeIgniter\Boot::runCodeIgniter(Object(CodeIgniter\CodeIgniter))
11 FCPATH\index.php(56): CodeIgniter\Boot::bootWeb(Object(Config\Paths))
12 SYSTEMPATH\rewrite.php(44): require_once('C:\\xampp\\htdocs\\management\\public\\index.php')
WARNING - 2024-08-16 20:57:10 --> [DEPRECATED] Creation of dynamic property App\Controllers\Api\Management\ReportController::$parser is deprecated in APPPATH\Controllers\Api\Management\ReportController.php on line 17.
 1 SYSTEMPATH\CodeIgniter.php(903): App\Controllers\Api\Management\ReportController->__construct()
 2 SYSTEMPATH\CodeIgniter.php(500): CodeIgniter\CodeIgniter->createController()
 3 SYSTEMPATH\CodeIgniter.php(355): CodeIgniter\CodeIgniter->handleRequest(null, Object(Config\Cache), false)
 4 SYSTEMPATH\Boot.php(325): CodeIgniter\CodeIgniter->run()
 5 SYSTEMPATH\Boot.php(67): CodeIgniter\Boot::runCodeIgniter(Object(CodeIgniter\CodeIgniter))
 6 FCPATH\index.php(56): CodeIgniter\Boot::bootWeb(Object(Config\Paths))
 7 SYSTEMPATH\rewrite.php(44): require_once('C:\\xampp\\htdocs\\management\\public\\index.php')
WARNING - 2024-08-16 20:58:38 --> [DEPRECATED] Creation of dynamic property App\Controllers\Api\Management\ReportController::$parser is deprecated in APPPATH\Controllers\Api\Management\ReportController.php on line 17.
 1 SYSTEMPATH\CodeIgniter.php(903): App\Controllers\Api\Management\ReportController->__construct()
 2 SYSTEMPATH\CodeIgniter.php(500): CodeIgniter\CodeIgniter->createController()
 3 SYSTEMPATH\CodeIgniter.php(355): CodeIgniter\CodeIgniter->handleRequest(null, Object(Config\Cache), false)
 4 SYSTEMPATH\Boot.php(325): CodeIgniter\CodeIgniter->run()
 5 SYSTEMPATH\Boot.php(67): CodeIgniter\Boot::runCodeIgniter(Object(CodeIgniter\CodeIgniter))
 6 FCPATH\index.php(56): CodeIgniter\Boot::bootWeb(Object(Config\Paths))
 7 SYSTEMPATH\rewrite.php(44): require_once('C:\\xampp\\htdocs\\management\\public\\index.php')
WARNING - 2024-08-16 21:06:17 --> [DEPRECATED] Creation of dynamic property App\Controllers\Api\Management\ReportController::$parser is deprecated in APPPATH\Controllers\Api\Management\ReportController.php on line 17.
 1 SYSTEMPATH\CodeIgniter.php(903): App\Controllers\Api\Management\ReportController->__construct()
 2 SYSTEMPATH\CodeIgniter.php(500): CodeIgniter\CodeIgniter->createController()
 3 SYSTEMPATH\CodeIgniter.php(355): CodeIgniter\CodeIgniter->handleRequest(null, Object(Config\Cache), false)
 4 SYSTEMPATH\Boot.php(325): CodeIgniter\CodeIgniter->run()
 5 SYSTEMPATH\Boot.php(67): CodeIgniter\Boot::runCodeIgniter(Object(CodeIgniter\CodeIgniter))
 6 FCPATH\index.php(56): CodeIgniter\Boot::bootWeb(Object(Config\Paths))
 7 SYSTEMPATH\rewrite.php(44): require_once('C:\\xampp\\htdocs\\management\\public\\index.php')
WARNING - 2024-08-16 21:12:12 --> [DEPRECATED] Creation of dynamic property App\Controllers\Api\Management\ReportController::$parser is deprecated in APPPATH\Controllers\Api\Management\ReportController.php on line 17.
 1 SYSTEMPATH\CodeIgniter.php(903): App\Controllers\Api\Management\ReportController->__construct()
 2 SYSTEMPATH\CodeIgniter.php(500): CodeIgniter\CodeIgniter->createController()
 3 SYSTEMPATH\CodeIgniter.php(355): CodeIgniter\CodeIgniter->handleRequest(null, Object(Config\Cache), false)
 4 SYSTEMPATH\Boot.php(325): CodeIgniter\CodeIgniter->run()
 5 SYSTEMPATH\Boot.php(67): CodeIgniter\Boot::runCodeIgniter(Object(CodeIgniter\CodeIgniter))
 6 FCPATH\index.php(56): CodeIgniter\Boot::bootWeb(Object(Config\Paths))
 7 SYSTEMPATH\rewrite.php(44): require_once('C:\\xampp\\htdocs\\management\\public\\index.php')
CRITICAL - 2024-08-16 21:12:12 --> ErrorException: Undefined array key "key_out"
[Method: POST, Route: api/management/report/allKeyList]
in APPPATH\Views\report\key_on_loan.php on line 59.
 1 APPPATH\Views\report\key_on_loan.php(59): CodeIgniter\Debug\Exceptions->errorHandler(2, 'Undefined array key "key_out"', 'C:\\xampp\\htdocs\\management\\app\\Views\\report\\key_on_loan.php', 59)
 2 SYSTEMPATH\View\View.php(234): include('C:\\xampp\\htdocs\\management\\app\\Views\\report\\key_on_loan.php')
 3 SYSTEMPATH\View\View.php(237): CodeIgniter\View\View->CodeIgniter\View\{closure}()
 4 SYSTEMPATH\Common.php(1171): CodeIgniter\View\View->render('report/key_on_loan', [], true)
 5 APPPATH\Controllers\Api\Management\ReportController.php(542): view('report/key_on_loan', [...])
 6 SYSTEMPATH\CodeIgniter.php(933): App\Controllers\Api\Management\ReportController->allKeyList()
 7 SYSTEMPATH\CodeIgniter.php(509): CodeIgniter\CodeIgniter->runController(Object(App\Controllers\Api\Management\ReportController))
 8 SYSTEMPATH\CodeIgniter.php(355): CodeIgniter\CodeIgniter->handleRequest(null, Object(Config\Cache), false)
 9 SYSTEMPATH\Boot.php(325): CodeIgniter\CodeIgniter->run()
10 SYSTEMPATH\Boot.php(67): CodeIgniter\Boot::runCodeIgniter(Object(CodeIgniter\CodeIgniter))
11 FCPATH\index.php(56): CodeIgniter\Boot::bootWeb(Object(Config\Paths))
12 SYSTEMPATH\rewrite.php(44): require_once('C:\\xampp\\htdocs\\management\\public\\index.php')
WARNING - 2024-08-16 21:13:02 --> [DEPRECATED] Creation of dynamic property App\Controllers\Api\Management\ReportController::$parser is deprecated in APPPATH\Controllers\Api\Management\ReportController.php on line 17.
 1 SYSTEMPATH\CodeIgniter.php(903): App\Controllers\Api\Management\ReportController->__construct()
 2 SYSTEMPATH\CodeIgniter.php(500): CodeIgniter\CodeIgniter->createController()
 3 SYSTEMPATH\CodeIgniter.php(355): CodeIgniter\CodeIgniter->handleRequest(null, Object(Config\Cache), false)
 4 SYSTEMPATH\Boot.php(325): CodeIgniter\CodeIgniter->run()
 5 SYSTEMPATH\Boot.php(67): CodeIgniter\Boot::runCodeIgniter(Object(CodeIgniter\CodeIgniter))
 6 FCPATH\index.php(56): CodeIgniter\Boot::bootWeb(Object(Config\Paths))
 7 SYSTEMPATH\rewrite.php(44): require_once('C:\\xampp\\htdocs\\management\\public\\index.php')
WARNING - 2024-08-16 21:14:03 --> [DEPRECATED] Creation of dynamic property App\Controllers\Api\Management\ReportController::$parser is deprecated in APPPATH\Controllers\Api\Management\ReportController.php on line 17.
 1 SYSTEMPATH\CodeIgniter.php(903): App\Controllers\Api\Management\ReportController->__construct()
 2 SYSTEMPATH\CodeIgniter.php(500): CodeIgniter\CodeIgniter->createController()
 3 SYSTEMPATH\CodeIgniter.php(355): CodeIgniter\CodeIgniter->handleRequest(null, Object(Config\Cache), false)
 4 SYSTEMPATH\Boot.php(325): CodeIgniter\CodeIgniter->run()
 5 SYSTEMPATH\Boot.php(67): CodeIgniter\Boot::runCodeIgniter(Object(CodeIgniter\CodeIgniter))
 6 FCPATH\index.php(56): CodeIgniter\Boot::bootWeb(Object(Config\Paths))
 7 SYSTEMPATH\rewrite.php(44): require_once('C:\\xampp\\htdocs\\management\\public\\index.php')
WARNING - 2024-08-16 21:14:15 --> [DEPRECATED] Creation of dynamic property App\Controllers\Api\Management\ReportController::$parser is deprecated in APPPATH\Controllers\Api\Management\ReportController.php on line 17.
 1 SYSTEMPATH\CodeIgniter.php(903): App\Controllers\Api\Management\ReportController->__construct()
 2 SYSTEMPATH\CodeIgniter.php(500): CodeIgniter\CodeIgniter->createController()
 3 SYSTEMPATH\CodeIgniter.php(355): CodeIgniter\CodeIgniter->handleRequest(null, Object(Config\Cache), false)
 4 SYSTEMPATH\Boot.php(325): CodeIgniter\CodeIgniter->run()
 5 SYSTEMPATH\Boot.php(67): CodeIgniter\Boot::runCodeIgniter(Object(CodeIgniter\CodeIgniter))
 6 FCPATH\index.php(56): CodeIgniter\Boot::bootWeb(Object(Config\Paths))
 7 SYSTEMPATH\rewrite.php(44): require_once('C:\\xampp\\htdocs\\management\\public\\index.php')
WARNING - 2024-08-16 21:14:47 --> [DEPRECATED] Creation of dynamic property App\Controllers\Api\Management\ReportController::$parser is deprecated in APPPATH\Controllers\Api\Management\ReportController.php on line 17.
 1 SYSTEMPATH\CodeIgniter.php(903): App\Controllers\Api\Management\ReportController->__construct()
 2 SYSTEMPATH\CodeIgniter.php(500): CodeIgniter\CodeIgniter->createController()
 3 SYSTEMPATH\CodeIgniter.php(355): CodeIgniter\CodeIgniter->handleRequest(null, Object(Config\Cache), false)
 4 SYSTEMPATH\Boot.php(325): CodeIgniter\CodeIgniter->run()
 5 SYSTEMPATH\Boot.php(67): CodeIgniter\Boot::runCodeIgniter(Object(CodeIgniter\CodeIgniter))
 6 FCPATH\index.php(56): CodeIgniter\Boot::bootWeb(Object(Config\Paths))
 7 SYSTEMPATH\rewrite.php(44): require_once('C:\\xampp\\htdocs\\management\\public\\index.php')
WARNING - 2024-08-16 21:15:19 --> [DEPRECATED] Creation of dynamic property App\Controllers\Api\Management\ReportController::$parser is deprecated in APPPATH\Controllers\Api\Management\ReportController.php on line 17.
 1 SYSTEMPATH\CodeIgniter.php(903): App\Controllers\Api\Management\ReportController->__construct()
 2 SYSTEMPATH\CodeIgniter.php(500): CodeIgniter\CodeIgniter->createController()
 3 SYSTEMPATH\CodeIgniter.php(355): CodeIgniter\CodeIgniter->handleRequest(null, Object(Config\Cache), false)
 4 SYSTEMPATH\Boot.php(325): CodeIgniter\CodeIgniter->run()
 5 SYSTEMPATH\Boot.php(67): CodeIgniter\Boot::runCodeIgniter(Object(CodeIgniter\CodeIgniter))
 6 FCPATH\index.php(56): CodeIgniter\Boot::bootWeb(Object(Config\Paths))
 7 SYSTEMPATH\rewrite.php(44): require_once('C:\\xampp\\htdocs\\management\\public\\index.php')
WARNING - 2024-08-16 21:16:00 --> [DEPRECATED] Creation of dynamic property App\Controllers\Api\Management\ReportController::$parser is deprecated in APPPATH\Controllers\Api\Management\ReportController.php on line 17.
 1 SYSTEMPATH\CodeIgniter.php(903): App\Controllers\Api\Management\ReportController->__construct()
 2 SYSTEMPATH\CodeIgniter.php(500): CodeIgniter\CodeIgniter->createController()
 3 SYSTEMPATH\CodeIgniter.php(355): CodeIgniter\CodeIgniter->handleRequest(null, Object(Config\Cache), false)
 4 SYSTEMPATH\Boot.php(325): CodeIgniter\CodeIgniter->run()
 5 SYSTEMPATH\Boot.php(67): CodeIgniter\Boot::runCodeIgniter(Object(CodeIgniter\CodeIgniter))
 6 FCPATH\index.php(56): CodeIgniter\Boot::bootWeb(Object(Config\Paths))
 7 SYSTEMPATH\rewrite.php(44): require_once('C:\\xampp\\htdocs\\management\\public\\index.php')
WARNING - 2024-08-16 21:18:05 --> [DEPRECATED] Creation of dynamic property App\Controllers\Api\Management\ReportController::$parser is deprecated in APPPATH\Controllers\Api\Management\ReportController.php on line 17.
 1 SYSTEMPATH\CodeIgniter.php(903): App\Controllers\Api\Management\ReportController->__construct()
 2 SYSTEMPATH\CodeIgniter.php(500): CodeIgniter\CodeIgniter->createController()
 3 SYSTEMPATH\CodeIgniter.php(355): CodeIgniter\CodeIgniter->handleRequest(null, Object(Config\Cache), false)
 4 SYSTEMPATH\Boot.php(325): CodeIgniter\CodeIgniter->run()
 5 SYSTEMPATH\Boot.php(67): CodeIgniter\Boot::runCodeIgniter(Object(CodeIgniter\CodeIgniter))
 6 FCPATH\index.php(56): CodeIgniter\Boot::bootWeb(Object(Config\Paths))
 7 SYSTEMPATH\rewrite.php(44): require_once('C:\\xampp\\htdocs\\management\\public\\index.php')
WARNING - 2024-08-16 21:22:57 --> [DEPRECATED] Creation of dynamic property App\Controllers\Api\Management\ReportController::$parser is deprecated in APPPATH\Controllers\Api\Management\ReportController.php on line 17.
 1 SYSTEMPATH\CodeIgniter.php(903): App\Controllers\Api\Management\ReportController->__construct()
 2 SYSTEMPATH\CodeIgniter.php(500): CodeIgniter\CodeIgniter->createController()
 3 SYSTEMPATH\CodeIgniter.php(355): CodeIgniter\CodeIgniter->handleRequest(null, Object(Config\Cache), false)
 4 SYSTEMPATH\Boot.php(325): CodeIgniter\CodeIgniter->run()
 5 SYSTEMPATH\Boot.php(67): CodeIgniter\Boot::runCodeIgniter(Object(CodeIgniter\CodeIgniter))
 6 FCPATH\index.php(56): CodeIgniter\Boot::bootWeb(Object(Config\Paths))
 7 SYSTEMPATH\rewrite.php(44): require_once('C:\\xampp\\htdocs\\management\\public\\index.php')
CRITICAL - 2024-08-16 21:22:57 --> Error: Class "App\Controllers\Api\Management\Carbon" not found
[Method: POST, Route: api/management/report/endOfDayKey]
in APPPATH\Controllers\Api\Management\ReportController.php on line 593.
 1 SYSTEMPATH\CodeIgniter.php(933): App\Controllers\Api\Management\ReportController->endOfDayKey()
 2 SYSTEMPATH\CodeIgniter.php(509): CodeIgniter\CodeIgniter->runController(Object(App\Controllers\Api\Management\ReportController))
 3 SYSTEMPATH\CodeIgniter.php(355): CodeIgniter\CodeIgniter->handleRequest(null, Object(Config\Cache), false)
 4 SYSTEMPATH\Boot.php(325): CodeIgniter\CodeIgniter->run()
 5 SYSTEMPATH\Boot.php(67): CodeIgniter\Boot::runCodeIgniter(Object(CodeIgniter\CodeIgniter))
 6 FCPATH\index.php(56): CodeIgniter\Boot::bootWeb(Object(Config\Paths))
 7 SYSTEMPATH\rewrite.php(44): require_once('C:\\xampp\\htdocs\\management\\public\\index.php')
WARNING - 2024-08-16 21:24:19 --> [DEPRECATED] Creation of dynamic property App\Controllers\Api\Management\ReportController::$parser is deprecated in APPPATH\Controllers\Api\Management\ReportController.php on line 17.
 1 SYSTEMPATH\CodeIgniter.php(903): App\Controllers\Api\Management\ReportController->__construct()
 2 SYSTEMPATH\CodeIgniter.php(500): CodeIgniter\CodeIgniter->createController()
 3 SYSTEMPATH\CodeIgniter.php(355): CodeIgniter\CodeIgniter->handleRequest(null, Object(Config\Cache), false)
 4 SYSTEMPATH\Boot.php(325): CodeIgniter\CodeIgniter->run()
 5 SYSTEMPATH\Boot.php(67): CodeIgniter\Boot::runCodeIgniter(Object(CodeIgniter\CodeIgniter))
 6 FCPATH\index.php(56): CodeIgniter\Boot::bootWeb(Object(Config\Paths))
 7 SYSTEMPATH\rewrite.php(44): require_once('C:\\xampp\\htdocs\\management\\public\\index.php')
CRITICAL - 2024-08-16 21:24:20 --> BadMethodCallException: Call to undefined method App\Models\VisitorRecordKeys::whereDate
[Method: POST, Route: api/management/report/endOfDayKey]
in SYSTEMPATH\Model.php on line 932.
 1 APPPATH\Controllers\Api\Management\ReportController.php(593): CodeIgniter\Model->__call('whereDate', [...])
 2 SYSTEMPATH\CodeIgniter.php(933): App\Controllers\Api\Management\ReportController->endOfDayKey()
 3 SYSTEMPATH\CodeIgniter.php(509): CodeIgniter\CodeIgniter->runController(Object(App\Controllers\Api\Management\ReportController))
 4 SYSTEMPATH\CodeIgniter.php(355): CodeIgniter\CodeIgniter->handleRequest(null, Object(Config\Cache), false)
 5 SYSTEMPATH\Boot.php(325): CodeIgniter\CodeIgniter->run()
 6 SYSTEMPATH\Boot.php(67): CodeIgniter\Boot::runCodeIgniter(Object(CodeIgniter\CodeIgniter))
 7 FCPATH\index.php(56): CodeIgniter\Boot::bootWeb(Object(Config\Paths))
 8 SYSTEMPATH\rewrite.php(44): require_once('C:\\xampp\\htdocs\\management\\public\\index.php')
WARNING - 2024-08-16 21:37:11 --> [DEPRECATED] Creation of dynamic property App\Controllers\Api\Management\ReportController::$parser is deprecated in APPPATH\Controllers\Api\Management\ReportController.php on line 17.
 1 SYSTEMPATH\CodeIgniter.php(903): App\Controllers\Api\Management\ReportController->__construct()
 2 SYSTEMPATH\CodeIgniter.php(500): CodeIgniter\CodeIgniter->createController()
 3 SYSTEMPATH\CodeIgniter.php(355): CodeIgniter\CodeIgniter->handleRequest(null, Object(Config\Cache), false)
 4 SYSTEMPATH\Boot.php(325): CodeIgniter\CodeIgniter->run()
 5 SYSTEMPATH\Boot.php(67): CodeIgniter\Boot::runCodeIgniter(Object(CodeIgniter\CodeIgniter))
 6 FCPATH\index.php(56): CodeIgniter\Boot::bootWeb(Object(Config\Paths))
 7 SYSTEMPATH\rewrite.php(44): require_once('C:\\xampp\\htdocs\\management\\public\\index.php')
CRITICAL - 2024-08-16 21:37:12 --> BadMethodCallException: Call to undefined method App\Models\VisitorRecordKeys::whereRaw
[Method: POST, Route: api/management/report/endOfDayKey]
in SYSTEMPATH\Model.php on line 932.
 1 APPPATH\Controllers\Api\Management\ReportController.php(593): CodeIgniter\Model->__call('whereRaw', [...])
 2 SYSTEMPATH\CodeIgniter.php(933): App\Controllers\Api\Management\ReportController->endOfDayKey()
 3 SYSTEMPATH\CodeIgniter.php(509): CodeIgniter\CodeIgniter->runController(Object(App\Controllers\Api\Management\ReportController))
 4 SYSTEMPATH\CodeIgniter.php(355): CodeIgniter\CodeIgniter->handleRequest(null, Object(Config\Cache), false)
 5 SYSTEMPATH\Boot.php(325): CodeIgniter\CodeIgniter->run()
 6 SYSTEMPATH\Boot.php(67): CodeIgniter\Boot::runCodeIgniter(Object(CodeIgniter\CodeIgniter))
 7 FCPATH\index.php(56): CodeIgniter\Boot::bootWeb(Object(Config\Paths))
 8 SYSTEMPATH\rewrite.php(44): require_once('C:\\xampp\\htdocs\\management\\public\\index.php')
WARNING - 2024-08-16 21:38:29 --> [DEPRECATED] Creation of dynamic property App\Controllers\Api\Management\ReportController::$parser is deprecated in APPPATH\Controllers\Api\Management\ReportController.php on line 17.
 1 SYSTEMPATH\CodeIgniter.php(903): App\Controllers\Api\Management\ReportController->__construct()
 2 SYSTEMPATH\CodeIgniter.php(500): CodeIgniter\CodeIgniter->createController()
 3 SYSTEMPATH\CodeIgniter.php(355): CodeIgniter\CodeIgniter->handleRequest(null, Object(Config\Cache), false)
 4 SYSTEMPATH\Boot.php(325): CodeIgniter\CodeIgniter->run()
 5 SYSTEMPATH\Boot.php(67): CodeIgniter\Boot::runCodeIgniter(Object(CodeIgniter\CodeIgniter))
 6 FCPATH\index.php(56): CodeIgniter\Boot::bootWeb(Object(Config\Paths))
 7 SYSTEMPATH\rewrite.php(44): require_once('C:\\xampp\\htdocs\\management\\public\\index.php')
CRITICAL - 2024-08-16 21:38:30 --> Error: Class "App\Controllers\Api\Management\DB" not found
[Method: POST, Route: api/management/report/endOfDayKey]
in APPPATH\Controllers\Api\Management\ReportController.php on line 593.
 1 SYSTEMPATH\CodeIgniter.php(933): App\Controllers\Api\Management\ReportController->endOfDayKey()
 2 SYSTEMPATH\CodeIgniter.php(509): CodeIgniter\CodeIgniter->runController(Object(App\Controllers\Api\Management\ReportController))
 3 SYSTEMPATH\CodeIgniter.php(355): CodeIgniter\CodeIgniter->handleRequest(null, Object(Config\Cache), false)
 4 SYSTEMPATH\Boot.php(325): CodeIgniter\CodeIgniter->run()
 5 SYSTEMPATH\Boot.php(67): CodeIgniter\Boot::runCodeIgniter(Object(CodeIgniter\CodeIgniter))
 6 FCPATH\index.php(56): CodeIgniter\Boot::bootWeb(Object(Config\Paths))
 7 SYSTEMPATH\rewrite.php(44): require_once('C:\\xampp\\htdocs\\management\\public\\index.php')
WARNING - 2024-08-16 21:42:04 --> [DEPRECATED] Creation of dynamic property App\Controllers\Api\Management\ReportController::$parser is deprecated in APPPATH\Controllers\Api\Management\ReportController.php on line 17.
 1 SYSTEMPATH\CodeIgniter.php(903): App\Controllers\Api\Management\ReportController->__construct()
 2 SYSTEMPATH\CodeIgniter.php(500): CodeIgniter\CodeIgniter->createController()
 3 SYSTEMPATH\CodeIgniter.php(355): CodeIgniter\CodeIgniter->handleRequest(null, Object(Config\Cache), false)
 4 SYSTEMPATH\Boot.php(325): CodeIgniter\CodeIgniter->run()
 5 SYSTEMPATH\Boot.php(67): CodeIgniter\Boot::runCodeIgniter(Object(CodeIgniter\CodeIgniter))
 6 FCPATH\index.php(56): CodeIgniter\Boot::bootWeb(Object(Config\Paths))
 7 SYSTEMPATH\rewrite.php(44): require_once('C:\\xampp\\htdocs\\management\\public\\index.php')
